#
# A fatal error has been detected by the Java Runtime Environment:
#
#  SIGSEGV (0xb) at pc=0x0000000103f6a7f6, pid=4145, tid=0x0000000000000307
#
# JRE version: Java(TM) SE Runtime Environment (8.0_131-b11) (build 1.8.0_131-b11)
# Java VM: Java HotSpot(TM) 64-Bit Server VM (25.131-b11 mixed mode bsd-amd64 compressed oops)
# Problematic frame:
# V  [libjvm.dylib+0x16a7f6]
#
# Failed to write core dump. Core dumps have been disabled. To enable core dumping, try "ulimit -c unlimited" before starting Java again
#
# If you would like to submit a bug report, please visit:
#   http://bugreport.java.com/bugreport/crash.jsp
#

---------------  T H R E A D  ---------------

Current thread is native thread

siginfo: si_signo: 11 (SIGSEGV), si_code: 1 (SEGV_MAPERR), si_addr: 0x0000000000000270

Registers:
RAX=0x0000000000000000, RBX=0x0000000000000000, RCX=0x00000001046304e0, RDX=0x0000000000000000
RSP=0x00007ffeec63c230, RBP=0x00007ffeec63c240, RSI=0x0000000000000006, RDI=0x00007ffeec63c250
R8 =0x0000000000000000, R9 =0x0000000000000000, R10=0x00007fffa10eaed8, R11=0x00007fe337ba38d0
R12=0x00007fe3349bf1f8, R13=0x00007fe336300480, R14=0x00007fe333fa1410, R15=0x00007fe3349bf1f8
RIP=0x0000000103f6a7f6, EFLAGS=0x0000000000010246, ERR=0x0000000000000006
  TRAPNO=0x000000000000000e

Top of Stack: (sp=0x00007ffeec63c230)
0x00007ffeec63c230:   0000000000000000 00007fe333fa1410
0x00007ffeec63c240:   00007ffeec63c270 0000000104114d6a
0x00007ffeec63c250:   0000000000000000 00007fe333ced990
0x00007ffeec63c260:   0000000000000008 00007fe333dba010
0x00007ffeec63c270:   00007ffeec63c290 00007fff4cfcfe3f
0x00007ffeec63c280:   00007fe3349bf1f8 00007fe3345e0e00
0x00007ffeec63c290:   00007ffeec63c2b0 00007fff4cfcfc52
0x00007ffeec63c2a0:   00007fe333ced900 00007fe333cc5d40
0x00007ffeec63c2b0:   00007ffeec63c310 0000000124f38f53
0x00007ffeec63c2c0:   00007fe3345e0e00 0000000000000000
0x00007ffeec63c2d0:   40dff5ab7885d314 00007fe333e850a0
0x00007ffeec63c2e0:   00007ffeec63c310 00007fe333dba010
0x00007ffeec63c2f0:   00007fe333dba010 00007fe336300480
0x00007ffeec63c300:   00007fff74e6c580 00007fe333e850a0
0x00007ffeec63c310:   00007ffeec63c3c0 00007fff53e606f8
0x00007ffeec63c320:   0000000000000000 0000000000000000
0x00007ffeec63c330:   00007fe333dba010 0000000000000000
0x00007ffeec63c340:   0000000435101c00 0000000000000000
0x00007ffeec63c350:   40dff5ab7885d314 0000000000000000
0x00007ffeec63c360:   00007fe333dba010 0000000000000000
0x00007ffeec63c370:   00007fe333dba010 00007ffeec63c398
0x00007ffeec63c380:   00007ffeec63c3c0 00007fff53e5ff0e
0x00007ffeec63c390:   75fa5f3f0b200060 00007fff74e6c580
0x00007ffeec63c3a0:   0000000000000004 0000000000000000
0x00007ffeec63c3b0:   00007fe333dba010 00007fff46f46a7d
0x00007ffeec63c3c0:   00007ffeec63c440 00007fff53e5fcd4
0x00007ffeec63c3d0:   0000000000014029 4076500000000000
0x00007ffeec63c3e0:   408ed80000000000 3ff0000000000000
0x00007ffeec63c3f0:   0000000000000000 0000000000000000
0x00007ffeec63c400:   408ed80000000000 4076500000000000
0x00007ffeec63c410:   75fa5f3f0b200060 00007ffeec63c510
0x00007ffeec63c420:   00007fe336400ae0 00007fff74e6c580 

Instructions: (pc=0x0000000103f6a7f6)
0x0000000103f6a7d6:   0e 48 8b 0b 49 8b 56 18 48 63 c0 48 89 0c c2 5b
0x0000000103f6a7e6:   41 5e 5d c3 90 90 55 48 89 e5 41 56 53 48 8b 1f
0x0000000103f6a7f6:   c7 83 70 02 00 00 05 00 00 00 48 8d 05 21 6c 78
0x0000000103f6a806:   00 8b 00 83 f8 01 41 89 f6 75 0c 48 8d 0d 6e d7 

Register to memory mapping:

RAX=0x0000000000000000 is an unknown value
RBX=0x0000000000000000 is an unknown value
RCX=0x00000001046304e0: jni_NativeInterface+0 in /Library/Java/JavaVirtualMachines/jdk1.8.0_131.jdk/Contents/Home/jre/lib/server/libjvm.dylib at 0x0000000103e00000
RDX=0x0000000000000000 is an unknown value
RSP=0x00007ffeec63c230 is an unknown value
RBP=0x00007ffeec63c240 is an unknown value
RSI=0x0000000000000006 is an unknown value
RDI=0x00007ffeec63c250 is an unknown value
R8 =0x0000000000000000 is an unknown value
R9 =0x0000000000000000 is an unknown value
R10=0x00007fffa10eaed8: OBJC_CLASS_$_JNFWeakJObjectWrapper+0 in /System/Library/Frameworks/JavaVM.framework/Versions/A/Frameworks/JavaNativeFoundation.framework/Versions/A/JavaNativeFoundation at 0x00007fff4cfc9000
R11=0x00007fe337ba38d0 is an unknown value
R12=0x00007fe3349bf1f8 is an unknown value
R13=0x00007fe336300480 is an unknown value
R14=0x00007fe333fa1410 is a weak global jni handle
R15=0x00007fe3349bf1f8 is an unknown value


Stack: [0x00007ffeebe41000,0x00007ffeec641000],  sp=0x00007ffeec63c230,  free space=8172k
Native frames: (J=compiled Java code, j=interpreted, Vv=VM code, C=native code)
V  [libjvm.dylib+0x16a7f6]
V  [libjvm.dylib+0x314d6a]
C  [JavaNativeFoundation+0x6e3f]  -[JNFWeakJObjectWrapper _getWithEnv:]+0x26
C  [JavaNativeFoundation+0x6c52]  -[JNFJObjectWrapper jObjectWithEnv:]+0x16
C  [libawt_lwawt.dylib+0x1af53]  -[CGLLayer drawInCGLContext:pixelFormat:forLayerTime:displayTime:]+0xa4
C  [QuartzCore+0xb26f8]  _ZL17CAOpenGLLayerDrawP13CAOpenGLLayerdPK11CVTimeStampj+0x7b6
C  [QuartzCore+0xb1cd4]  -[CAOpenGLLayer _display]+0x243
C  [QuartzCore+0x141bc]  _ZN2CA5Layer17display_if_neededEPNS_11TransactionE+0x27a
C  [QuartzCore+0x2447]  _ZN2CA7Context18commit_transactionEPNS_11TransactionE+0x13f
C  [QuartzCore+0x1d20]  _ZN2CA11Transaction6commitEv+0x240
C  [QuartzCore+0x1a2c]  _ZN2CA11Transaction17observer_callbackEP19__CFRunLoopObservermPv+0x42
C  [CoreFoundation+0x99709]  __CFRUNLOOP_IS_CALLING_OUT_TO_AN_OBSERVER_CALLBACK_FUNCTION__+0x17
C  [CoreFoundation+0x9963e]  __CFRunLoopDoObservers+0x1c4
C  [CoreFoundation+0x3b611]  __CFRunLoopRun+0x5c4
C  [CoreFoundation+0x3adfa]  CFRunLoopRunSpecific+0x1d3
C  [java+0x6465]  CreateExecutionEnvironment+0x367
C  [java+0x218c]  JLI_Launch+0x7a0
C  [java+0x84c2]  main+0x65
C  [java+0x19e4]  start+0x34


---------------  P R O C E S S  ---------------

VM state:not at safepoint (normal execution)

VM Mutex/Monitor currently owned by a thread: None

Heap:
 PSYoungGen      total 1381888K, used 89302K [0x000000076ab00000, 0x00000007bff80000, 0x00000007c0000000)
  eden space 1367552K, 6% used [0x000000076ab00000,0x000000077020da18,0x00000007be280000)
  from space 14336K, 1% used [0x00000007bf180000,0x00000007bf1a8000,0x00000007bff80000)
  to   space 14848K, 0% used [0x00000007be280000,0x00000007be280000,0x00000007bf100000)
 ParOldGen       total 148480K, used 24139K [0x00000006c0000000, 0x00000006c9100000, 0x000000076ab00000)
  object space 148480K, 16% used [0x00000006c0000000,0x00000006c1792f28,0x00000006c9100000)
 Metaspace       used 35005K, capacity 36020K, committed 36224K, reserved 1081344K
  class space    used 4212K, capacity 4461K, committed 4480K, reserved 1048576K

Card table byte_map: [0x00000001051e9000,0x00000001059ea000] byte_map_base: 0x0000000101be9000

Marking Bits: (ParMarkBitMap*) 0x00000001046f1ea0
 Begin Bits: [0x000000011872d000, 0x000000011c72d000)
 End Bits:   [0x000000011c72d000, 0x000000012072d000)

Polling page: 0x00000001035f8000

CodeCache: size=245760Kb used=13574Kb max_used=14008Kb free=232185Kb
 bounds [0x000000010972d000, 0x000000010a4fd000, 0x000000011872d000]
 total_blobs=5433 nmethods=4420 adapters=925
 compilation: enabled

Compilation events (10 events):
Event: 21.818 Thread 0x00007fe335813800 nmethod 5159 0x000000010a0a9910 code [0x000000010a0a9a80, 0x000000010a0a9c50]
Event: 21.819 Thread 0x00007fe335813800 5160       1       javax.swing.text.AbstractDocument$AbstractElement::getDocument (5 bytes)
Event: 21.819 Thread 0x00007fe335813800 nmethod 5160 0x000000010a0a9650 code [0x000000010a0a97a0, 0x000000010a0a98b0]
Event: 21.819 Thread 0x00007fe335813800 5161       3       java.lang.Double::doubleToLongBits (33 bytes)
Event: 21.820 Thread 0x00007fe335813800 nmethod 5161 0x000000010a0a9250 code [0x000000010a0a93c0, 0x000000010a0a95b0]
Event: 21.820 Thread 0x00007fe335813800 5162       3       sun.awt.AppContext::getSoftReferenceValue (59 bytes)
Event: 21.821 Thread 0x00007fe335813800 nmethod 5162 0x0000000109f7fe90 code [0x0000000109f80080, 0x0000000109f80998]
Event: 21.821 Thread 0x00007fe335813800 5163       3       java.util.HashMap::clear (50 bytes)
Event: 21.821 Thread 0x00007fe335813800 nmethod 5163 0x0000000109f59410 code [0x0000000109f595a0, 0x0000000109f59970]
Event: 21.821 Thread 0x00007fe335813800 5165       3       sun.font.FontDesignMetrics::stringWidth (154 bytes)

GC Heap History (10 events):
Event: 20.925 GC heap before
{Heap before GC invocations=14 (full 2):
 PSYoungGen      total 660480K, used 644579K [0x000000076ab00000, 0x00000007a6780000, 0x00000007c0000000)
  eden space 644096K, 100% used [0x000000076ab00000,0x0000000792000000,0x0000000792000000)
  from space 16384K, 2% used [0x0000000792000000,0x0000000792078f60,0x0000000793000000)
  to   space 16384K, 0% used [0x00000007a5780000,0x00000007a5780000,0x00000007a6780000)
 ParOldGen       total 148480K, used 19870K [0x00000006c0000000, 0x00000006c9100000, 0x000000076ab00000)
  object space 148480K, 13% used [0x00000006c0000000,0x00000006c1367868,0x00000006c9100000)
 Metaspace       used 34815K, capacity 35842K, committed 35968K, reserved 1081344K
  class space    used 4191K, capacity 4450K, committed 4480K, reserved 1048576K
Event: 20.930 GC heap after
Heap after GC invocations=14 (full 2):
 PSYoungGen      total 936448K, used 3314K [0x000000076ab00000, 0x00000007a5b00000, 0x00000007c0000000)
  eden space 932864K, 0% used [0x000000076ab00000,0x000000076ab00000,0x00000007a3a00000)
  from space 3584K, 92% used [0x00000007a5780000,0x00000007a5abc9c0,0x00000007a5b00000)
  to   space 15872K, 0% used [0x00000007a3c00000,0x00000007a3c00000,0x00000007a4b80000)
 ParOldGen       total 148480K, used 20236K [0x00000006c0000000, 0x00000006c9100000, 0x000000076ab00000)
  object space 148480K, 13% used [0x00000006c0000000,0x00000006c13c32e8,0x00000006c9100000)
 Metaspace       used 34815K, capacity 35842K, committed 35968K, reserved 1081344K
  class space    used 4191K, capacity 4450K, committed 4480K, reserved 1048576K
}
Event: 21.093 GC heap before
{Heap before GC invocations=15 (full 2):
 PSYoungGen      total 936448K, used 936178K [0x000000076ab00000, 0x00000007a5b00000, 0x00000007c0000000)
  eden space 932864K, 100% used [0x000000076ab00000,0x00000007a3a00000,0x00000007a3a00000)
  from space 3584K, 92% used [0x00000007a5780000,0x00000007a5abc9c0,0x00000007a5b00000)
  to   space 15872K, 0% used [0x00000007a3c00000,0x00000007a3c00000,0x00000007a4b80000)
 ParOldGen       total 148480K, used 20236K [0x00000006c0000000, 0x00000006c9100000, 0x000000076ab00000)
  object space 148480K, 13% used [0x00000006c0000000,0x00000006c13c32e8,0x00000006c9100000)
 Metaspace       used 34817K, capacity 35842K, committed 35968K, reserved 1081344K
  class space    used 4191K, capacity 4450K, committed 4480K, reserved 1048576K
Event: 21.097 GC heap after
Heap after GC invocations=15 (full 2):
 PSYoungGen      total 950784K, used 704K [0x000000076ab00000, 0x00000007bea80000, 0x00000007c0000000)
  eden space 934912K, 0% used [0x000000076ab00000,0x000000076ab00000,0x00000007a3c00000)
  from space 15872K, 4% used [0x00000007a3c00000,0x00000007a3cb0028,0x00000007a4b80000)
  to   space 15360K, 0% used [0x00000007bdb80000,0x00000007bdb80000,0x00000007bea80000)
 ParOldGen       total 148480K, used 23399K [0x00000006c0000000, 0x00000006c9100000, 0x000000076ab00000)
  object space 148480K, 15% used [0x00000006c0000000,0x00000006c16d9d58,0x00000006c9100000)
 Metaspace       used 34817K, capacity 35842K, committed 35968K, reserved 1081344K
  class space    used 4191K, capacity 4450K, committed 4480K, reserved 1048576K
}
Event: 21.392 GC heap before
{Heap before GC invocations=16 (full 2):
 PSYoungGen      total 950784K, used 935616K [0x000000076ab00000, 0x00000007bea80000, 0x00000007c0000000)
  eden space 934912K, 100% used [0x000000076ab00000,0x00000007a3c00000,0x00000007a3c00000)
  from space 15872K, 4% used [0x00000007a3c00000,0x00000007a3cb0028,0x00000007a4b80000)
  to   space 15360K, 0% used [0x00000007bdb80000,0x00000007bdb80000,0x00000007bea80000)
 ParOldGen       total 148480K, used 23399K [0x00000006c0000000, 0x00000006c9100000, 0x000000076ab00000)
  object space 148480K, 15% used [0x00000006c0000000,0x00000006c16d9d58,0x00000006c9100000)
 Metaspace       used 34827K, capacity 35842K, committed 35968K, reserved 1081344K
  class space    used 4191K, capacity 4450K, committed 4480K, reserved 1048576K
Event: 21.394 GC heap after
Heap after GC invocations=16 (full 2):
 PSYoungGen      total 1325056K, used 203K [0x000000076ab00000, 0x00000007bdc00000, 0x00000007c0000000)
  eden space 1324544K, 0% used [0x000000076ab00000,0x000000076ab00000,0x00000007bb880000)
  from space 512K, 39% used [0x00000007bdb80000,0x00000007bdbb2df0,0x00000007bdc00000)
  to   space 15360K, 0% used [0x00000007bbe00000,0x00000007bbe00000,0x00000007bcd00000)
 ParOldGen       total 148480K, used 23995K [0x00000006c0000000, 0x00000006c9100000, 0x000000076ab00000)
  object space 148480K, 16% used [0x00000006c0000000,0x00000006c176eef8,0x00000006c9100000)
 Metaspace       used 34827K, capacity 35842K, committed 35968K, reserved 1081344K
  class space    used 4191K, capacity 4450K, committed 4480K, reserved 1048576K
}
Event: 21.603 GC heap before
{Heap before GC invocations=17 (full 2):
 PSYoungGen      total 1325056K, used 1324747K [0x000000076ab00000, 0x00000007bdc00000, 0x00000007c0000000)
  eden space 1324544K, 100% used [0x000000076ab00000,0x00000007bb880000,0x00000007bb880000)
  from space 512K, 39% used [0x00000007bdb80000,0x00000007bdbb2df0,0x00000007bdc00000)
  to   space 15360K, 0% used [0x00000007bbe00000,0x00000007bbe00000,0x00000007bcd00000)
 ParOldGen       total 148480K, used 23995K [0x00000006c0000000, 0x00000006c9100000, 0x000000076ab00000)
  object space 148480K, 16% used [0x00000006c0000000,0x00000006c176eef8,0x00000006c9100000)
 Metaspace       used 34830K, capacity 35842K, committed 35968K, reserved 1081344K
  class space    used 4191K, capacity 4450K, committed 4480K, reserved 1048576K
Event: 21.605 GC heap after
Heap after GC invocations=17 (full 2):
 PSYoungGen      total 1345536K, used 144K [0x000000076ab00000, 0x00000007c0000000, 0x00000007c0000000)
  eden space 1330176K, 0% used [0x000000076ab00000,0x000000076ab00000,0x00000007bbe00000)
  from space 15360K, 0% used [0x00000007bbe00000,0x00000007bbe24010,0x00000007bcd00000)
  to   space 14848K, 0% used [0x00000007bf180000,0x00000007bf180000,0x00000007c0000000)
 ParOldGen       total 148480K, used 24091K [0x00000006c0000000, 0x00000006c9100000, 0x000000076ab00000)
  object space 148480K, 16% used [0x00000006c0000000,0x00000006c1786ee8,0x00000006c9100000)
 Metaspace       used 34830K, capacity 35842K, committed 35968K, reserved 1081344K
  class space    used 4191K, capacity 4450K, committed 4480K, reserved 1048576K
}
Event: 21.769 GC heap before
{Heap before GC invocations=18 (full 2):
 PSYoungGen      total 1345536K, used 1330320K [0x000000076ab00000, 0x00000007c0000000, 0x00000007c0000000)
  eden space 1330176K, 100% used [0x000000076ab00000,0x00000007bbe00000,0x00000007bbe00000)
  from space 15360K, 0% used [0x00000007bbe00000,0x00000007bbe24010,0x00000007bcd00000)
  to   space 14848K, 0% used [0x00000007bf180000,0x00000007bf180000,0x00000007c0000000)
 ParOldGen       total 148480K, used 24091K [0x00000006c0000000, 0x00000006c9100000, 0x000000076ab00000)
  object space 148480K, 16% used [0x00000006c0000000,0x00000006c1786ee8,0x00000006c9100000)
 Metaspace       used 34839K, capacity 35866K, committed 35968K, reserved 1081344K
  class space    used 4193K, capacity 4454K, committed 4480K, reserved 1048576K
Event: 21.771 GC heap after
Heap after GC invocations=18 (full 2):
 PSYoungGen      total 1381888K, used 160K [0x000000076ab00000, 0x00000007bff80000, 0x00000007c0000000)
  eden space 1367552K, 0% used [0x000000076ab00000,0x000000076ab00000,0x00000007be280000)
  from space 14336K, 1% used [0x00000007bf180000,0x00000007bf1a8000,0x00000007bff80000)
  to   space 14848K, 0% used [0x00000007be280000,0x00000007be280000,0x00000007bf100000)
 ParOldGen       total 148480K, used 24139K [0x00000006c0000000, 0x00000006c9100000, 0x000000076ab00000)
  object space 148480K, 16% used [0x00000006c0000000,0x00000006c1792f28,0x00000006c9100000)
 Metaspace       used 34839K, capacity 35866K, committed 35968K, reserved 1081344K
  class space    used 4193K, capacity 4454K, committed 4480K, reserved 1048576K
}

Deoptimization events (10 events):
Event: 20.343 Thread 0x00007fe33582c000 Uncommon trap: reason=class_check action=maybe_recompile pc=0x000000010a44c010 method=com.sun.javafx.geom.Path2D.<init>(Lcom/sun/javafx/geom/Shape;Lcom/sun/javafx/geom/transform/BaseTransform;)V @ 5
Event: 20.344 Thread 0x00007fe33582c000 Uncommon trap: reason=class_check action=maybe_recompile pc=0x000000010a44c010 method=com.sun.javafx.geom.Path2D.<init>(Lcom/sun/javafx/geom/Shape;Lcom/sun/javafx/geom/transform/BaseTransform;)V @ 5
Event: 20.671 Thread 0x00007fe33582c000 Uncommon trap: reason=unstable_if action=reinterpret pc=0x000000010a2f0830 method=com.sun.prism.impl.ps.BaseShaderGraphics.setPaint(Lcom/sun/prism/paint/Paint;)V @ 7
Event: 20.671 Thread 0x00007fe33582c000 Uncommon trap: reason=unstable_if action=reinterpret pc=0x000000010a30db80 method=com.sun.prism.impl.ps.BaseShaderContext.validatePaintOp(Lcom/sun/prism/impl/ps/BaseShaderGraphics;Lcom/sun/javafx/geom/transform/BaseTransform;Lcom/sun/prism/impl/ps/BaseSha
Event: 20.684 Thread 0x00007fe33582c000 Uncommon trap: reason=unstable_if action=reinterpret pc=0x000000010a3c9798 method=com.sun.prism.es2.ES2Texture.update(Ljava/nio/Buffer;Lcom/sun/prism/PixelFormat;IIIIIIIZ)V @ 21
Event: 20.695 Thread 0x00007fe33582c000 Uncommon trap: reason=unstable_if action=reinterpret pc=0x0000000109b29538 method=com.sun.javafx.font.coretext.CTFontStrike.getQuantizedPosition(Lcom/sun/javafx/geom/Point2D;)I @ 20
Event: 20.809 Thread 0x00007fe3349bf000 Uncommon trap: reason=unstable_if action=reinterpret pc=0x000000010a360730 method=java.util.concurrent.locks.AbstractQueuedSynchronizer$ConditionObject.doSignal(Ljava/util/concurrent/locks/AbstractQueuedSynchronizer$Node;)V @ 9
Event: 21.755 Thread 0x00007fe3349bf000 Uncommon trap: reason=predicate action=maybe_recompile pc=0x000000010a209c3c method=java.util.ArrayList.remove(Ljava/lang/Object;)Z @ 49
Event: 21.798 Thread 0x00007fe334b7d800 Uncommon trap: reason=unstable_if action=reinterpret pc=0x000000010a217698 method=java.util.ArrayList.remove(I)Ljava/lang/Object; @ 31
Event: 21.812 Thread 0x00007fe3349bf000 Uncommon trap: reason=unstable_if action=reinterpret pc=0x0000000109d16ac4 method=java.util.Collections.unmodifiableList(Ljava/util/List;)Ljava/util/List; @ 4

Internal exceptions (10 events):
Event: 6.003 Thread 0x00007fe3349bf000 Exception <a 'java/lang/NullPointerException'> (0x000000076bf8cc18) thrown at [/Users/java_re/workspace/8-2-build-macosx-x86_64/jdk8u131/8869/hotspot/src/share/vm/interpreter/linkResolver.cpp, line 1197]
Event: 6.003 Thread 0x00007fe3349bf000 Exception <a 'java/lang/NullPointerException'> (0x000000076bf8cc18) thrown at [/Users/java_re/workspace/8-2-build-macosx-x86_64/jdk8u131/8869/hotspot/src/share/vm/prims/jvm.cpp, line 1394]
Event: 6.229 Thread 0x00007fe3349bf000 Exception <a 'sun/nio/fs/UnixException'> (0x000000076c6ac3a8) thrown at [/Users/java_re/workspace/8-2-build-macosx-x86_64/jdk8u131/8869/hotspot/src/share/vm/prims/jni.cpp, line 709]
Event: 6.230 Thread 0x00007fe3349bf000 Exception <a 'sun/nio/fs/UnixException'> (0x000000076c6accc0) thrown at [/Users/java_re/workspace/8-2-build-macosx-x86_64/jdk8u131/8869/hotspot/src/share/vm/prims/jni.cpp, line 709]
Event: 8.099 Thread 0x00007fe334e41000 Exception <a 'sun/nio/fs/UnixException'> (0x0000000772137aa8) thrown at [/Users/java_re/workspace/8-2-build-macosx-x86_64/jdk8u131/8869/hotspot/src/share/vm/prims/jni.cpp, line 709]
Event: 9.002 Thread 0x00007fe3349bf000 Exception <a 'java/io/FileNotFoundException'> (0x000000076b57e368) thrown at [/Users/java_re/workspace/8-2-build-macosx-x86_64/jdk8u131/8869/hotspot/src/share/vm/prims/jni.cpp, line 709]
Event: 9.149 Thread 0x00007fe334e41000 Exception <a 'sun/nio/fs/UnixException'> (0x000000076bd3af00) thrown at [/Users/java_re/workspace/8-2-build-macosx-x86_64/jdk8u131/8869/hotspot/src/share/vm/prims/jni.cpp, line 709]
Event: 9.444 Thread 0x00007fe334454000 Exception <a 'java/net/UnknownHostException'> (0x000000076c3a54c0) thrown at [/Users/java_re/workspace/8-2-build-macosx-x86_64/jdk8u131/8869/hotspot/src/share/vm/prims/jni.cpp, line 735]
Event: 17.784 Thread 0x00007fe33582c000 Implicit null exception at 0x0000000109e7226c to 0x0000000109e722e9
Event: 20.337 Thread 0x00007fe33582c000 Implicit null exception at 0x000000010a20bf28 to 0x000000010a20c205

Events (10 events):
Event: 21.814 loading class com/sun/javafx/tk/quantum/QuantumToolkit done
Event: 21.814 Thread 0x00007fe33582c000 Thread exited: 0x00007fe33582c000
Event: 21.814 Thread 0x00007fe334004000 Thread exited: 0x00007fe334004000
Event: 21.814 Thread 0x00007fe3358d8000 Thread added: 0x00007fe3358d8000
Event: 21.814 Thread 0x00007fe3349bf000 Thread exited: 0x00007fe3349bf000
Event: 21.814 Executing VM operation: RevokeBias
Event: 21.814 Executing VM operation: RevokeBias done
Event: 21.814 Thread 0x00007fe33494f800 Thread exited: 0x00007fe33494f800
Event: 21.816 loading class javax/swing/TimerQueue$DelayedTimer
Event: 21.816 loading class javax/swing/TimerQueue$DelayedTimer done


Dynamic libraries:
0x000000001d962000 	/System/Library/Frameworks/Cocoa.framework/Versions/A/Cocoa
0x000000001d962000 	/System/Library/Frameworks/Security.framework/Versions/A/Security
0x000000001d962000 	/System/Library/Frameworks/ApplicationServices.framework/Versions/A/ApplicationServices
0x000000001d962000 	/usr/lib/libz.1.dylib
0x000000001d962000 	/usr/lib/libSystem.B.dylib
0x000000001d962000 	/usr/lib/libobjc.A.dylib
0x000000001d962000 	/System/Library/Frameworks/CoreFoundation.framework/Versions/A/CoreFoundation
0x000000001d962000 	/System/Library/Frameworks/Foundation.framework/Versions/C/Foundation
0x000000001d962000 	/System/Library/Frameworks/AppKit.framework/Versions/C/AppKit
0x000000001d962000 	/System/Library/Frameworks/CoreData.framework/Versions/A/CoreData
0x000000001d962000 	/System/Library/PrivateFrameworks/RemoteViewServices.framework/Versions/A/RemoteViewServices
0x000000001d962000 	/System/Library/PrivateFrameworks/UIFoundation.framework/Versions/A/UIFoundation
0x000000001d962000 	/System/Library/PrivateFrameworks/XCTTargetBootstrap.framework/Versions/A/XCTTargetBootstrap
0x000000001d962000 	/System/Library/PrivateFrameworks/IconServices.framework/Versions/A/IconServices
0x000000001d962000 	/System/Library/Frameworks/Metal.framework/Versions/A/Metal
0x000000001d962000 	/System/Library/PrivateFrameworks/DesktopServicesPriv.framework/Versions/A/DesktopServicesPriv
0x000000001d962000 	/usr/lib/libenergytrace.dylib
0x000000001d962000 	/System/Library/PrivateFrameworks/SkyLight.framework/Versions/A/SkyLight
0x000000001d962000 	/System/Library/Frameworks/CoreGraphics.framework/Versions/A/CoreGraphics
0x000000001d962000 	/System/Library/Frameworks/Accelerate.framework/Versions/A/Accelerate
0x000000001d962000 	/System/Library/Frameworks/IOSurface.framework/Versions/A/IOSurface
0x000000001d962000 	/System/Library/PrivateFrameworks/DFRFoundation.framework/Versions/A/DFRFoundation
0x000000001d962000 	/System/Library/Frameworks/AudioToolbox.framework/Versions/A/AudioToolbox
0x000000001d962000 	/System/Library/Frameworks/AudioUnit.framework/Versions/A/AudioUnit
0x000000001d962000 	/System/Library/PrivateFrameworks/DataDetectorsCore.framework/Versions/A/DataDetectorsCore
0x000000001d962000 	/System/Library/Frameworks/Carbon.framework/Versions/A/Frameworks/HIToolbox.framework/Versions/A/HIToolbox
0x000000001d962000 	/usr/lib/libicucore.A.dylib
0x000000001d962000 	/System/Library/Frameworks/QuartzCore.framework/Versions/A/QuartzCore
0x000000001d962000 	/System/Library/Frameworks/Carbon.framework/Versions/A/Frameworks/SpeechRecognition.framework/Versions/A/SpeechRecognition
0x000000001d962000 	/usr/lib/libauto.dylib
0x000000001d962000 	/usr/lib/libxml2.2.dylib
0x000000001d962000 	/System/Library/PrivateFrameworks/CoreUI.framework/Versions/A/CoreUI
0x000000001d962000 	/System/Library/Frameworks/CoreAudio.framework/Versions/A/CoreAudio
0x000000001d962000 	/System/Library/Frameworks/DiskArbitration.framework/Versions/A/DiskArbitration
0x000000001d962000 	/usr/lib/liblangid.dylib
0x000000001d962000 	/System/Library/PrivateFrameworks/MultitouchSupport.framework/Versions/A/MultitouchSupport
0x000000001d962000 	/System/Library/Frameworks/IOKit.framework/Versions/A/IOKit
0x000000001d962000 	/usr/lib/libDiagnosticMessagesClient.dylib
0x000000001d962000 	/System/Library/Frameworks/CoreServices.framework/Versions/A/CoreServices
0x000000001d962000 	/System/Library/PrivateFrameworks/PerformanceAnalysis.framework/Versions/A/PerformanceAnalysis
0x000000001d962000 	/System/Library/Frameworks/OpenGL.framework/Versions/A/OpenGL
0x000000001d962000 	/System/Library/Frameworks/ColorSync.framework/Versions/A/ColorSync
0x000000001d962000 	/System/Library/Frameworks/CoreImage.framework/Versions/A/CoreImage
0x000000001d962000 	/System/Library/Frameworks/CoreText.framework/Versions/A/CoreText
0x000000001d962000 	/System/Library/Frameworks/ImageIO.framework/Versions/A/ImageIO
0x000000001d962000 	/System/Library/PrivateFrameworks/Backup.framework/Versions/A/Backup
0x000000001d962000 	/usr/lib/libarchive.2.dylib
0x000000001d962000 	/System/Library/Frameworks/CFNetwork.framework/Versions/A/CFNetwork
0x000000001d962000 	/System/Library/Frameworks/SystemConfiguration.framework/Versions/A/SystemConfiguration
0x000000001d962000 	/usr/lib/libCRFSuite.dylib
0x000000001d962000 	/usr/lib/libc++.1.dylib
0x000000001d962000 	/usr/lib/libc++abi.dylib
0x000000001d962000 	/usr/lib/system/libcache.dylib
0x000000001d962000 	/usr/lib/system/libcommonCrypto.dylib
0x000000001d962000 	/usr/lib/system/libcompiler_rt.dylib
0x000000001d962000 	/usr/lib/system/libcopyfile.dylib
0x000000001d962000 	/usr/lib/system/libcorecrypto.dylib
0x000000001d962000 	/usr/lib/system/libdispatch.dylib
0x000000001d962000 	/usr/lib/system/libdyld.dylib
0x000000001d962000 	/usr/lib/system/libkeymgr.dylib
0x000000001d962000 	/usr/lib/system/liblaunch.dylib
0x000000001d962000 	/usr/lib/system/libmacho.dylib
0x000000001d962000 	/usr/lib/system/libquarantine.dylib
0x000000001d962000 	/usr/lib/system/libremovefile.dylib
0x000000001d962000 	/usr/lib/system/libsystem_asl.dylib
0x000000001d962000 	/usr/lib/system/libsystem_blocks.dylib
0x000000001d962000 	/usr/lib/system/libsystem_c.dylib
0x000000001d962000 	/usr/lib/system/libsystem_configuration.dylib
0x000000001d962000 	/usr/lib/system/libsystem_coreservices.dylib
0x000000001d962000 	/usr/lib/system/libsystem_darwin.dylib
0x000000001d962000 	/usr/lib/system/libsystem_dnssd.dylib
0x000000001d962000 	/usr/lib/system/libsystem_info.dylib
0x000000001d962000 	/usr/lib/system/libsystem_m.dylib
0x000000001d962000 	/usr/lib/system/libsystem_malloc.dylib
0x000000001d962000 	/usr/lib/system/libsystem_networkextension.dylib
0x000000001d962000 	/usr/lib/system/libsystem_notify.dylib
0x000000001d962000 	/usr/lib/system/libsystem_sandbox.dylib
0x000000001d962000 	/usr/lib/system/libsystem_secinit.dylib
0x000000001d962000 	/usr/lib/system/libsystem_kernel.dylib
0x000000001d962000 	/usr/lib/system/libsystem_platform.dylib
0x000000001d962000 	/usr/lib/system/libsystem_pthread.dylib
0x000000001d962000 	/usr/lib/system/libsystem_symptoms.dylib
0x000000001d962000 	/usr/lib/system/libsystem_trace.dylib
0x000000001d962000 	/usr/lib/system/libunwind.dylib
0x000000001d962000 	/usr/lib/system/libxpc.dylib
0x000000001d962000 	/usr/lib/libbsm.0.dylib
0x000000001d962000 	/usr/lib/system/libkxld.dylib
0x000000001d962000 	/System/Library/PrivateFrameworks/AppleFSCompression.framework/Versions/A/AppleFSCompression
0x000000001d962000 	/usr/lib/libOpenScriptingUtil.dylib
0x000000001d962000 	/usr/lib/libcoretls.dylib
0x000000001d962000 	/usr/lib/libcoretls_cfhelpers.dylib
0x000000001d962000 	/usr/lib/libpam.2.dylib
0x000000001d962000 	/usr/lib/libsqlite3.dylib
0x000000001d962000 	/usr/lib/libxar.1.dylib
0x000000001d962000 	/usr/lib/libbz2.1.0.dylib
0x000000001d962000 	/usr/lib/liblzma.5.dylib
0x000000001d962000 	/usr/lib/libnetwork.dylib
0x000000001d962000 	/usr/lib/libapple_nghttp2.dylib
0x000000001d962000 	/usr/lib/libpcap.A.dylib
0x000000001d962000 	/System/Library/Frameworks/CoreServices.framework/Versions/A/Frameworks/FSEvents.framework/Versions/A/FSEvents
0x000000001d962000 	/System/Library/Frameworks/CoreServices.framework/Versions/A/Frameworks/CarbonCore.framework/Versions/A/CarbonCore
0x000000001d962000 	/System/Library/Frameworks/CoreServices.framework/Versions/A/Frameworks/Metadata.framework/Versions/A/Metadata
0x000000001d962000 	/System/Library/Frameworks/CoreServices.framework/Versions/A/Frameworks/OSServices.framework/Versions/A/OSServices
0x000000001d962000 	/System/Library/Frameworks/CoreServices.framework/Versions/A/Frameworks/SearchKit.framework/Versions/A/SearchKit
0x000000001d962000 	/System/Library/Frameworks/CoreServices.framework/Versions/A/Frameworks/AE.framework/Versions/A/AE
0x000000001d962000 	/System/Library/Frameworks/CoreServices.framework/Versions/A/Frameworks/LaunchServices.framework/Versions/A/LaunchServices
0x000000001d962000 	/System/Library/Frameworks/CoreServices.framework/Versions/A/Frameworks/DictionaryServices.framework/Versions/A/DictionaryServices
0x000000001d962000 	/System/Library/Frameworks/CoreServices.framework/Versions/A/Frameworks/SharedFileList.framework/Versions/A/SharedFileList
0x000000001d962000 	/System/Library/Frameworks/NetFS.framework/Versions/A/NetFS
0x000000001d962000 	/System/Library/PrivateFrameworks/NetAuth.framework/Versions/A/NetAuth
0x000000001d962000 	/System/Library/PrivateFrameworks/login.framework/Versions/A/Frameworks/loginsupport.framework/Versions/A/loginsupport
0x000000001d962000 	/System/Library/PrivateFrameworks/TCC.framework/Versions/A/TCC
0x000000001d962000 	/System/Library/PrivateFrameworks/CoreNLP.framework/Versions/A/CoreNLP
0x000000001d962000 	/System/Library/PrivateFrameworks/MetadataUtilities.framework/Versions/A/MetadataUtilities
0x000000001d962000 	/usr/lib/libmecabra.dylib
0x000000001d962000 	/System/Library/Frameworks/ApplicationServices.framework/Versions/A/Frameworks/ATS.framework/Versions/A/ATS
0x000000001d962000 	/System/Library/Frameworks/ApplicationServices.framework/Versions/A/Frameworks/ColorSyncLegacy.framework/Versions/A/ColorSyncLegacy
0x000000001d962000 	/System/Library/Frameworks/ApplicationServices.framework/Versions/A/Frameworks/HIServices.framework/Versions/A/HIServices
0x000000001d962000 	/System/Library/Frameworks/ApplicationServices.framework/Versions/A/Frameworks/LangAnalysis.framework/Versions/A/LangAnalysis
0x000000001d962000 	/System/Library/Frameworks/ApplicationServices.framework/Versions/A/Frameworks/PrintCore.framework/Versions/A/PrintCore
0x000000001d962000 	/System/Library/Frameworks/ApplicationServices.framework/Versions/A/Frameworks/QD.framework/Versions/A/QD
0x000000001d962000 	/System/Library/Frameworks/ApplicationServices.framework/Versions/A/Frameworks/SpeechSynthesis.framework/Versions/A/SpeechSynthesis
0x000000001d962000 	/usr/lib/libcompression.dylib
0x000000001d962000 	/System/Library/Frameworks/CoreDisplay.framework/Versions/A/CoreDisplay
0x000000001d962000 	/System/Library/Frameworks/MetalPerformanceShaders.framework/Versions/A/MetalPerformanceShaders
0x000000001d962000 	/System/Library/Frameworks/Accelerate.framework/Versions/A/Frameworks/vImage.framework/Versions/A/vImage
0x000000001d962000 	/System/Library/Frameworks/Accelerate.framework/Versions/A/Frameworks/vecLib.framework/Versions/A/vecLib
0x000000001d962000 	/System/Library/Frameworks/Accelerate.framework/Versions/A/Frameworks/vecLib.framework/Versions/A/libvMisc.dylib
0x000000001d962000 	/System/Library/Frameworks/Accelerate.framework/Versions/A/Frameworks/vecLib.framework/Versions/A/libvDSP.dylib
0x000000001d962000 	/System/Library/Frameworks/Accelerate.framework/Versions/A/Frameworks/vecLib.framework/Versions/A/libBLAS.dylib
0x000000001d962000 	/System/Library/Frameworks/Accelerate.framework/Versions/A/Frameworks/vecLib.framework/Versions/A/libLAPACK.dylib
0x000000001d962000 	/System/Library/Frameworks/Accelerate.framework/Versions/A/Frameworks/vecLib.framework/Versions/A/libLinearAlgebra.dylib
0x000000001d962000 	/System/Library/Frameworks/Accelerate.framework/Versions/A/Frameworks/vecLib.framework/Versions/A/libSparseBLAS.dylib
0x000000001d962000 	/System/Library/Frameworks/Accelerate.framework/Versions/A/Frameworks/vecLib.framework/Versions/A/libQuadrature.dylib
0x000000001d962000 	/System/Library/Frameworks/Accelerate.framework/Versions/A/Frameworks/vecLib.framework/Versions/A/libBNNS.dylib
0x000000001d962000 	/System/Library/Frameworks/Accelerate.framework/Versions/A/Frameworks/vecLib.framework/Versions/A/libSparse.dylib
0x000000001d962000 	/System/Library/PrivateFrameworks/GPUWrangler.framework/Versions/A/GPUWrangler
0x000000001d962000 	/System/Library/PrivateFrameworks/IOAccelerator.framework/Versions/A/IOAccelerator
0x000000001d962000 	/System/Library/PrivateFrameworks/IOPresentment.framework/Versions/A/IOPresentment
0x000000001d962000 	/System/Library/PrivateFrameworks/DSExternalDisplay.framework/Versions/A/DSExternalDisplay
0x000000001d962000 	/System/Library/Frameworks/OpenGL.framework/Versions/A/Libraries/libCoreFSCache.dylib
0x000000001d962000 	/System/Library/Frameworks/MetalPerformanceShaders.framework/Frameworks/MPSCore.framework/Versions/A/MPSCore
0x000000001d962000 	/System/Library/Frameworks/MetalPerformanceShaders.framework/Frameworks/MPSImage.framework/Versions/A/MPSImage
0x000000001d962000 	/System/Library/Frameworks/MetalPerformanceShaders.framework/Frameworks/MPSNeuralNetwork.framework/Versions/A/MPSNeuralNetwork
0x000000001d962000 	/System/Library/Frameworks/MetalPerformanceShaders.framework/Frameworks/MPSMatrix.framework/Versions/A/MPSMatrix
0x000000001d962000 	/System/Library/Frameworks/MetalPerformanceShaders.framework/Frameworks/MPSRayIntersector.framework/Versions/A/MPSRayIntersector
0x000000001d962000 	/System/Library/PrivateFrameworks/MetalTools.framework/Versions/A/MetalTools
0x000000001d962000 	/System/Library/PrivateFrameworks/AggregateDictionary.framework/Versions/A/AggregateDictionary
0x000000001d962000 	/usr/lib/libMobileGestalt.dylib
0x000000001d962000 	/System/Library/Frameworks/CoreVideo.framework/Versions/A/CoreVideo
0x000000001d962000 	/System/Library/PrivateFrameworks/GraphVisualizer.framework/Versions/A/GraphVisualizer
0x000000001d962000 	/System/Library/PrivateFrameworks/FaceCore.framework/Versions/A/FaceCore
0x000000001d962000 	/System/Library/Frameworks/OpenCL.framework/Versions/A/OpenCL
0x000000001d962000 	/usr/lib/libFosl_dynamic.dylib
0x000000001d962000 	/System/Library/PrivateFrameworks/OTSVG.framework/Versions/A/OTSVG
0x000000001d962000 	/System/Library/Frameworks/ApplicationServices.framework/Versions/A/Frameworks/ATS.framework/Versions/A/Resources/libFontParser.dylib
0x000000001d962000 	/System/Library/Frameworks/ApplicationServices.framework/Versions/A/Frameworks/ATS.framework/Versions/A/Resources/libFontRegistry.dylib
0x000000001d962000 	/System/Library/Frameworks/ImageIO.framework/Versions/A/Resources/libJPEG.dylib
0x000000001d962000 	/System/Library/Frameworks/ImageIO.framework/Versions/A/Resources/libTIFF.dylib
0x000000001d962000 	/System/Library/Frameworks/ImageIO.framework/Versions/A/Resources/libPng.dylib
0x000000001d962000 	/System/Library/Frameworks/ImageIO.framework/Versions/A/Resources/libGIF.dylib
0x000000001d962000 	/System/Library/Frameworks/ImageIO.framework/Versions/A/Resources/libJP2.dylib
0x000000001d962000 	/System/Library/Frameworks/ImageIO.framework/Versions/A/Resources/libRadiance.dylib
0x000000001d962000 	/System/Library/PrivateFrameworks/AppleJPEG.framework/Versions/A/AppleJPEG
0x000000001d962000 	/System/Library/Frameworks/OpenGL.framework/Versions/A/Libraries/libGFXShared.dylib
0x000000001d962000 	/System/Library/Frameworks/OpenGL.framework/Versions/A/Libraries/libGLU.dylib
0x000000001d962000 	/System/Library/Frameworks/OpenGL.framework/Versions/A/Libraries/libGL.dylib
0x000000001d962000 	/System/Library/Frameworks/OpenGL.framework/Versions/A/Libraries/libGLImage.dylib
0x000000001d962000 	/System/Library/Frameworks/OpenGL.framework/Versions/A/Libraries/libCVMSPluginSupport.dylib
0x000000001d962000 	/System/Library/Frameworks/OpenGL.framework/Versions/A/Libraries/libCoreVMClient.dylib
0x000000001d962000 	/usr/lib/libcups.2.dylib
0x000000001d962000 	/System/Library/Frameworks/Kerberos.framework/Versions/A/Kerberos
0x000000001d962000 	/System/Library/Frameworks/GSS.framework/Versions/A/GSS
0x000000001d962000 	/usr/lib/libresolv.9.dylib
0x000000001d962000 	/usr/lib/libiconv.2.dylib
0x000000001d962000 	/System/Library/PrivateFrameworks/Heimdal.framework/Versions/A/Heimdal
0x000000001d962000 	/usr/lib/libheimdal-asn1.dylib
0x000000001d962000 	/System/Library/Frameworks/OpenDirectory.framework/Versions/A/OpenDirectory
0x000000001d962000 	/System/Library/PrivateFrameworks/CommonAuth.framework/Versions/A/CommonAuth
0x000000001d962000 	/System/Library/Frameworks/OpenDirectory.framework/Versions/A/Frameworks/CFOpenDirectory.framework/Versions/A/CFOpenDirectory
0x000000001d962000 	/System/Library/Frameworks/SecurityFoundation.framework/Versions/A/SecurityFoundation
0x000000001d962000 	/System/Library/PrivateFrameworks/APFS.framework/Versions/A/APFS
0x000000001d962000 	/usr/lib/libutil.dylib
0x000000001d962000 	/usr/lib/libcharset.1.dylib
0x000000001d962000 	/System/Library/PrivateFrameworks/AppleSauce.framework/Versions/A/AppleSauce
0x000000001d962000 	/System/Library/PrivateFrameworks/AssertionServices.framework/Versions/A/AssertionServices
0x000000001d962000 	/System/Library/PrivateFrameworks/BaseBoard.framework/Versions/A/BaseBoard
0x000000001d962000 	/usr/lib/libmecab.1.0.0.dylib
0x000000001d962000 	/usr/lib/libgermantok.dylib
0x000000001d962000 	/usr/lib/libThaiTokenizer.dylib
0x000000001d962000 	/usr/lib/libChineseTokenizer.dylib
0x000000001d962000 	/System/Library/PrivateFrameworks/LanguageModeling.framework/Versions/A/LanguageModeling
0x000000001d962000 	/System/Library/PrivateFrameworks/CoreEmoji.framework/Versions/A/CoreEmoji
0x000000001d962000 	/System/Library/PrivateFrameworks/Lexicon.framework/Versions/A/Lexicon
0x000000001d962000 	/System/Library/PrivateFrameworks/LinguisticData.framework/Versions/A/LinguisticData
0x000000001d962000 	/usr/lib/libcmph.dylib
0x000000001d962000 	/System/Library/Frameworks/ServiceManagement.framework/Versions/A/ServiceManagement
0x000000001d962000 	/System/Library/PrivateFrameworks/BackgroundTaskManagement.framework/Versions/A/BackgroundTaskManagement
0x000000001d962000 	/usr/lib/libxslt.1.dylib
0x000000001d962000 	/System/Library/Frameworks/Carbon.framework/Versions/A/Frameworks/Ink.framework/Versions/A/Ink
0x000000001d962000 	/System/Library/PrivateFrameworks/TextureIO.framework/Versions/A/TextureIO
0x000000001d962000 	/usr/lib/libate.dylib
0x000000001d962000 	/System/Library/PrivateFrameworks/CrashReporterSupport.framework/Versions/A/CrashReporterSupport
0x000000001d962000 	/System/Library/PrivateFrameworks/Sharing.framework/Versions/A/Sharing
0x000000001d962000 	/System/Library/PrivateFrameworks/AuthKit.framework/Versions/A/AuthKit
0x000000001d962000 	/System/Library/PrivateFrameworks/Apple80211.framework/Versions/A/Apple80211
0x000000001d962000 	/System/Library/PrivateFrameworks/CoreUtils.framework/Versions/A/CoreUtils
0x000000001d962000 	/System/Library/Frameworks/CoreWLAN.framework/Versions/A/CoreWLAN
0x000000001d962000 	/System/Library/Frameworks/IOBluetooth.framework/Versions/A/IOBluetooth
0x000000001d962000 	/System/Library/PrivateFrameworks/ProtocolBuffer.framework/Versions/A/ProtocolBuffer
0x000000001d962000 	/System/Library/PrivateFrameworks/MobileKeyBag.framework/Versions/A/MobileKeyBag
0x000000001d962000 	/System/Library/PrivateFrameworks/CorePhoneNumbers.framework/Versions/A/CorePhoneNumbers
0x000000001d962000 	/System/Library/PrivateFrameworks/AppleIDAuthSupport.framework/Versions/A/AppleIDAuthSupport
0x000000001d962000 	/System/Library/PrivateFrameworks/KeychainCircle.framework/Versions/A/KeychainCircle
0x000000001d962000 	/System/Library/PrivateFrameworks/ROCKit.framework/Versions/A/ROCKit
0x000000001d962000 	/System/Library/PrivateFrameworks/CoreWiFi.framework/Versions/A/CoreWiFi
0x000000001d962000 	/System/Library/Frameworks/CoreBluetooth.framework/Versions/A/CoreBluetooth
0x000000001d962000 	/System/Library/PrivateFrameworks/DebugSymbols.framework/Versions/A/DebugSymbols
0x000000001d962000 	/System/Library/PrivateFrameworks/CoreSymbolication.framework/Versions/A/CoreSymbolication
0x000000001d962000 	/System/Library/PrivateFrameworks/Symbolication.framework/Versions/A/Symbolication
0x000000001d962000 	/System/Library/PrivateFrameworks/SpeechRecognitionCore.framework/Versions/A/SpeechRecognitionCore
0x0000000103e00000 	/Library/Java/JavaVirtualMachines/jdk1.8.0_131.jdk/Contents/Home/jre/lib/server/libjvm.dylib
0x000000001d962000 	/usr/lib/libstdc++.6.dylib
0x00000001035ea000 	/Library/Java/JavaVirtualMachines/jdk1.8.0_131.jdk/Contents/Home/jre/lib/libverify.dylib
0x0000000104da3000 	/Library/Java/JavaVirtualMachines/jdk1.8.0_131.jdk/Contents/Home/jre/lib/libjava.dylib
0x0000000104e20000 	/Library/Java/JavaVirtualMachines/jdk1.8.0_131.jdk/Contents/Home/jre/lib/libzip.dylib
0x000000001d962000 	/System/Library/Frameworks/JavaVM.framework/Versions/A/Frameworks/JavaRuntimeSupport.framework/Versions/A/JavaRuntimeSupport
0x000000001d962000 	/System/Library/Frameworks/JavaVM.framework/Versions/A/Frameworks/JavaNativeFoundation.framework/Versions/A/JavaNativeFoundation
0x000000001d962000 	/System/Library/Frameworks/JavaVM.framework/Versions/A/JavaVM
0x000000001d962000 	/System/Library/Frameworks/Carbon.framework/Versions/A/Carbon
0x000000001d962000 	/System/Library/PrivateFrameworks/JavaLaunching.framework/Versions/A/JavaLaunching
0x000000001d962000 	/System/Library/Frameworks/Carbon.framework/Versions/A/Frameworks/CommonPanels.framework/Versions/A/CommonPanels
0x000000001d962000 	/System/Library/Frameworks/Carbon.framework/Versions/A/Frameworks/Help.framework/Versions/A/Help
0x000000001d962000 	/System/Library/Frameworks/Carbon.framework/Versions/A/Frameworks/ImageCapture.framework/Versions/A/ImageCapture
0x000000001d962000 	/System/Library/Frameworks/Carbon.framework/Versions/A/Frameworks/OpenScripting.framework/Versions/A/OpenScripting
0x000000001d962000 	/System/Library/Frameworks/Carbon.framework/Versions/A/Frameworks/Print.framework/Versions/A/Print
0x000000001d962000 	/System/Library/Frameworks/Carbon.framework/Versions/A/Frameworks/SecurityHI.framework/Versions/A/SecurityHI
0x00000001083fb000 	/Library/Java/JavaVirtualMachines/jdk1.8.0_131.jdk/Contents/Home/jre/lib/libprism_es2.dylib
0x000000001d962000 	/System/Library/PrivateFrameworks/CoreServicesInternal.framework/Versions/A/CoreServicesInternal
0x000000001d962000 	/System/Library/Frameworks/OpenGL.framework/Versions/A/Resources/GLEngine.bundle/GLEngine
0x000000001d962000 	/System/Library/Frameworks/OpenGL.framework/Versions/A/Libraries/libGLProgrammability.dylib
0x000000001d962000 	/System/Library/Extensions/AppleIntelHD4000GraphicsGLDriver.bundle/Contents/MacOS/AppleIntelHD4000GraphicsGLDriver
0x000000001d962000 	/System/Library/PrivateFrameworks/GPUSupport.framework/Versions/A/Libraries/libGPUSupportMercury.dylib
0x000000001d962000 	/System/Library/Frameworks/OpenGL.framework/Versions/A/Resources/GLRendererFloat.bundle/GLRendererFloat
0x000000001d962000 	/System/Library/Frameworks/OpenCL.framework/Versions/A/Libraries/libcldcpuengine.dylib
0x000000001d962000 	/usr/lib/libcrypto.35.dylib
0x000000001d962000 	/System/Library/PrivateFrameworks/TrustEvaluationAgent.framework/Versions/A/TrustEvaluationAgent
0x0000000108f47000 	/Library/Java/JavaVirtualMachines/jdk1.8.0_131.jdk/Contents/Home/jre/lib/libglass.dylib
0x000000001d962000 	/System/Library/CoreServices/RawCamera.bundle/Contents/MacOS/RawCamera
0x000000001d962000 	/System/Library/PrivateFrameworks/MobileAsset.framework/Versions/A/MobileAsset
0x000000001d962000 	/System/Library/PrivateFrameworks/StreamingZip.framework/Versions/A/StreamingZip
0x000000001d962000 	/System/Library/Frameworks/MediaToolbox.framework/Versions/A/MediaToolbox
0x000000001d962000 	/System/Library/PrivateFrameworks/CoreAVCHD.framework/Versions/A/CoreAVCHD
0x000000001d962000 	/System/Library/Frameworks/MediaAccessibility.framework/Versions/A/MediaAccessibility
0x000000001d962000 	/System/Library/PrivateFrameworks/Mangrove.framework/Versions/A/Mangrove
0x000000001d962000 	/System/Library/Frameworks/CoreMedia.framework/Versions/A/CoreMedia
0x000000001d962000 	/System/Library/Frameworks/VideoToolbox.framework/Versions/A/VideoToolbox
0x000000001d962000 	/System/Library/PrivateFrameworks/CoreAUC.framework/Versions/A/CoreAUC
0x000000001d962000 	/usr/lib/libspindump.dylib
0x000000001d962000 	/System/Library/PrivateFrameworks/AppleVA.framework/Versions/A/AppleVA
0x000000001d962000 	/System/Library/Frameworks/Accelerate.framework/Versions/A/Frameworks/vImage.framework/Versions/A/Libraries/libCGInterfaces.dylib
0x000000001d962000 	/System/Library/PrivateFrameworks/FamilyControls.framework/Versions/A/FamilyControls
0x000000001d962000 	/System/Library/PrivateFrameworks/CommerceKit.framework/Versions/A/Frameworks/CommerceCore.framework/Versions/A/CommerceCore
0x000000001d962000 	/System/Library/PrivateFrameworks/SystemAdministration.framework/Versions/A/SystemAdministration
0x000000001d962000 	/System/Library/PrivateFrameworks/AppContainer.framework/Versions/A/AppContainer
0x000000001d962000 	/System/Library/PrivateFrameworks/AppSandbox.framework/Versions/A/AppSandbox
0x000000001d962000 	/System/Library/PrivateFrameworks/SecCodeWrapper.framework/Versions/A/SecCodeWrapper
0x000000001d962000 	/usr/lib/libsandbox.1.dylib
0x000000001d962000 	/usr/lib/libMatch.1.dylib
0x000000001d962000 	/System/Library/PrivateFrameworks/DiskManagement.framework/Versions/A/DiskManagement
0x000000001d962000 	/System/Library/Frameworks/DirectoryService.framework/Versions/A/DirectoryService
0x000000001d962000 	/System/Library/PrivateFrameworks/DiskImages.framework/Versions/A/DiskImages
0x000000001d962000 	/System/Library/PrivateFrameworks/LoginUIKit.framework/Versions/A/Frameworks/LoginUICore.framework/Versions/A/LoginUICore
0x000000001d962000 	/usr/lib/libCoreStorage.dylib
0x000000001d962000 	/usr/lib/libcsfde.dylib
0x000000001d962000 	/usr/lib/libodfde.dylib
0x000000001d962000 	/System/Library/PrivateFrameworks/MediaKit.framework/Versions/A/MediaKit
0x000000001d962000 	/System/Library/Frameworks/DiscRecording.framework/Versions/A/DiscRecording
0x000000001d962000 	/System/Library/PrivateFrameworks/EFILogin.framework/Versions/A/EFILogin
0x000000001d962000 	/System/Library/PrivateFrameworks/ProtectedCloudStorage.framework/Versions/A/ProtectedCloudStorage
0x000000001d962000 	/usr/lib/libcurl.4.dylib
0x000000001d962000 	/usr/lib/libcrypto.42.dylib
0x000000001d962000 	/usr/lib/libssl.44.dylib
0x000000001d962000 	/System/Library/Frameworks/LDAP.framework/Versions/A/LDAP
0x000000001d962000 	/usr/lib/libsasl2.2.dylib
0x000000001d962000 	/System/Library/PrivateFrameworks/CoreDaemon.framework/Versions/B/CoreDaemon
0x000000001d962000 	/System/Library/PrivateFrameworks/AppleSRP.framework/Versions/A/AppleSRP
0x000000001d962000 	/System/Library/PrivateFrameworks/ViewBridge.framework/Versions/A/ViewBridge
0x000000001d962000 	/System/Library/Frameworks/ApplicationServices.framework/Versions/A/Frameworks/ATS.framework/Versions/A/Resources/libTrueTypeScaler.dylib
0x000000001d962000 	/System/Library/Extensions/AppleIntelHD4000GraphicsMTLDriver.bundle/Contents/MacOS/AppleIntelHD4000GraphicsMTLDriver
0x000000001d962000 	/System/Library/PrivateFrameworks/GPUCompiler.framework/Versions/3902/Libraries/libmetal_timestamp.dylib
0x000000012444b000 	/Library/Java/JavaVirtualMachines/jdk1.8.0_131.jdk/Contents/Home/jre/lib/libnet.dylib
0x0000000124462000 	/Library/Java/JavaVirtualMachines/jdk1.8.0_131.jdk/Contents/Home/jre/lib/libnio.dylib
0x0000000124daa000 	/Library/Java/JavaVirtualMachines/jdk1.8.0_131.jdk/Contents/Home/jre/lib/libawt.dylib
0x0000000124e52000 	/Library/Java/JavaVirtualMachines/jdk1.8.0_131.jdk/Contents/Home/jre/lib/./libmlib_image.dylib
0x0000000124f1e000 	/Library/Java/JavaVirtualMachines/jdk1.8.0_131.jdk/Contents/Home/jre/lib/libawt_lwawt.dylib
0x0000000124fd5000 	/Library/Java/JavaVirtualMachines/jdk1.8.0_131.jdk/Contents/Home/jre/lib/./libosxapp.dylib
0x000000001d962000 	/System/Library/Frameworks/ExceptionHandling.framework/Versions/A/ExceptionHandling
0x0000000125880000 	/Library/Java/JavaVirtualMachines/jdk1.8.0_131.jdk/Contents/Home/jre/lib/libfontmanager.dylib
0x00000001258e7000 	/Library/Java/JavaVirtualMachines/jdk1.8.0_131.jdk/Contents/Home/jre/lib/libosxui.dylib
0x0000000126512000 	/usr/lib/libobjc-trampolines.dylib
0x0000000168af0000 	/Library/Java/JavaVirtualMachines/jdk1.8.0_131.jdk/Contents/Home/jre/lib/libjpeg.dylib
0x0000000168c18000 	/Library/Java/JavaVirtualMachines/jdk1.8.0_131.jdk/Contents/Home/jre/lib/libsunec.dylib
0x0000000169725000 	/Library/Java/JavaVirtualMachines/jdk1.8.0_131.jdk/Contents/Home/jre/lib/libjfxwebkit.dylib
0x000000016b74f000 	/Library/Java/JavaVirtualMachines/jdk1.8.0_131.jdk/Contents/Home/jre/lib/libjavafx_font.dylib
0x0000000123f5e000 	/Library/Java/JavaVirtualMachines/jdk1.8.0_131.jdk/Contents/Home/jre/lib/libglib-lite.dylib
0x00000001269c1000 	/Library/Java/JavaVirtualMachines/jdk1.8.0_131.jdk/Contents/Home/jre/lib/libgstreamer-lite.dylib
0x000000012407f000 	/Library/Java/JavaVirtualMachines/jdk1.8.0_131.jdk/Contents/Home/jre/lib/libjfxmedia.dylib
0x0000000108968000 	/Library/Java/JavaVirtualMachines/jdk1.8.0_131.jdk/Contents/Home/jre/lib/libjfxmedia_avf.dylib
0x000000001d962000 	/System/Library/Frameworks/AVFoundation.framework/Versions/A/AVFoundation
0x000000001d962000 	/System/Library/Frameworks/AVFoundation.framework/Versions/A/Frameworks/AVFAudio.framework/Versions/A/AVFAudio
0x000000001d962000 	/System/Library/PrivateFrameworks/InternationalSupport.framework/Versions/A/InternationalSupport
0x000000001d962000 	/System/Library/Frameworks/CoreMediaIO.framework/Versions/A/CoreMediaIO
0x000000001d962000 	/System/Library/PrivateFrameworks/RemoteServiceDiscovery.framework/Versions/A/RemoteServiceDiscovery
0x000000001d962000 	/System/Library/PrivateFrameworks/RemoteXPC.framework/Versions/A/RemoteXPC
0x00000001240ba000 	/Library/Java/JavaVirtualMachines/jdk1.8.0_131.jdk/Contents/Home/jre/lib/libjfxmedia_qtkit.dylib
0x000000001d962000 	/System/Library/Frameworks/QTKit.framework/Versions/A/QTKit
0x000000001d962000 	/System/Library/PrivateFrameworks/CoreMediaAuthoring.framework/Versions/A/CoreMediaAuthoring
0x0000000126550000 	/Library/Java/JavaVirtualMachines/jdk1.8.0_131.jdk/Contents/Home/jre/lib/libjavafx_iio.dylib
0x0000000126530000 	/Library/Java/JavaVirtualMachines/jdk1.8.0_131.jdk/Contents/Home/jre/lib/libprism_common.dylib
0x0000000126940000 	/Library/Java/JavaVirtualMachines/jdk1.8.0_131.jdk/Contents/Home/jre/lib/libfxplugins.dylib
0x000000001d962000 	/System/Library/Frameworks/VideoDecodeAcceleration.framework/Versions/A/VideoDecodeAcceleration
0x00000001088e0000 	/System/Library/Extensions/AppleHDA.kext/Contents/PlugIns/AppleHDAHALPlugIn.bundle/Contents/MacOS/AppleHDAHALPlugIn
0x0000000173bad000 	/System/Library/Components/CoreAudio.component/Contents/MacOS/CoreAudio
0x000000001d962000 	/System/Library/PrivateFrameworks/AppleGVA.framework/Versions/A/AppleGVA
0x0000000173f44000 	/System/Library/Extensions/AppleIntelHD4000GraphicsVADriver.bundle/Contents/MacOS/AppleIntelHD4000GraphicsVADriver
0x0000000123f39000 	/System/Library/Extensions/AppleIntelIVBVA.bundle/Contents/MacOS/AppleIntelIVBVA
0x000000017548c000 	/System/Library/Components/AudioCodecs.component/Contents/MacOS/AudioCodecs

VM Arguments:
jvm_args: -Dfile.encoding=UTF-8 
java_command: ExtraLessonsMain.ExtraLessonsMain
java_class_path (initial): /Users/darrenbasserabie/NetBeansProjects/ExtraLessonsMain/jarFiles/commons-lang-2.6.jar:/Users/darrenbasserabie/NetBeansProjects/ExtraLessonsMain/jarFiles/commons-logging-1.1.1.jar:/Users/darrenbasserabie/NetBeansProjects/ExtraLessonsMain/jarFiles/hsqldb.jar:/Users/darrenbasserabie/NetBeansProjects/ExtraLessonsMain/jarFiles/jackcess-2.0.8.jar:/Users/darrenbasserabie/NetBeansProjects/ExtraLessonsMain/jarFiles/ucanaccess-2.0.9.4.jar:/Users/darrenbasserabie/Desktop/school works/IT works/plplan-0.43.jar:/Users/darrenbasserabie/Desktop/school works/IT works/JPlanner.jar:/Users/darrenbasserabie/Desktop/school works/IT works/jcalendar-1.4.jar:/Users/darrenbasserabie/Desktop/school works/IT works/joda-time-2.10.1.jar:/Users/darrenbasserabie/Desktop/school works/IT works/jlayer-1.0.1.jar:/Users/darrenbasserabie/NetBeansProjects/ExtraLessonsMain/jarFiles/new jarFiles/jfreechart-1.0.12.jar:/Users/darrenbasserabie/NetBeansProjects/ExtraLessonsMain:/Users/darrenbasserabie/NetBeansProjects/ExtraLessonsMain/jarFiles/new jarFiles/activation.jar:/Users/darrenbasserabie/NetBeansProjects/ExtraLessonsMain/jarFiles/mail.jar:/Users/darrenbasserabie/NetBeansProjects/ExtraLessonsMain/jarFiles/new jarFiles/commons-codec-1.10-javadoc.jar:/Users/darrenbasserabie/NetBeansProjects/ExtraLessonsMain/jarFiles/new jarFiles/commons-codec-1.10-sources.jar:/Users/darrenbasserabie/NetBeansProjects/ExtraLessonsMain/jarFiles/new jarFiles/commons-codec-1.10-test-sources.jar:/Users/darrenbasserabie/NetBeansProjects/ExtraLessonsMain/jarFiles/commons more/commons-exec-1.3-tests.jar:/Users/darrenbasserabie/NetBeansProjects/ExtraLessonsMain/jarFiles/commons more/commons-exec-1.3.jar:/Users/darrenbasserabie/NetBeansProjects/ExtraLessonsMain/jarFiles/new jarFiles/commons-codec-1.10-tests.jar:/Users/darrenbasserabie/NetBeansProjects/ExtraLessonsMain/jarFiles/new jarFiles/commons-codec-1.10.jar:/Users/darrenbasserabie/NetBeansProjects/ExtraLessonsMain/jarFiles/new jarFiles/jcommon-1.0.
Launcher Type: SUN_STANDARD

Environment Variables:
PATH=/usr/bin:/bin:/usr/sbin:/sbin
LD_LIBRARY_PATH=/Library/Java/JavaVirtualMachines/jdk1.8.0_131.jdk/Contents/Home/jre/lib/amd64:/Library/Java/JavaVirtualMachines/jdk1.8.0_131.jdk/Contents/Home/jre/lib/i386:
SHELL=/bin/bash

Signal Handlers:
SIGSEGV: [libjvm.dylib+0x5b1eb1], sa_mask[0]=11111111011111110111111111111111, sa_flags=SA_ONSTACK|SA_RESTART|SA_SIGINFO
SIGBUS: [libjvm.dylib+0x5b1eb1], sa_mask[0]=11111111011111110111111111111111, sa_flags=SA_RESTART|SA_SIGINFO
SIGFPE: [libjvm.dylib+0x488988], sa_mask[0]=11111111011111110111111111111111, sa_flags=SA_RESTART|SA_SIGINFO
SIGPIPE: [libjvm.dylib+0x488988], sa_mask[0]=11111111011111110111111111111111, sa_flags=SA_RESTART|SA_SIGINFO
SIGXFSZ: [libjvm.dylib+0x488988], sa_mask[0]=11111111011111110111111111111111, sa_flags=SA_RESTART|SA_SIGINFO
SIGILL: [libjvm.dylib+0x488988], sa_mask[0]=11111111011111110111111111111111, sa_flags=SA_RESTART|SA_SIGINFO
SIGUSR1: SIG_DFL, sa_mask[0]=00000000000000000000000000000000, sa_flags=none
SIGUSR2: [libjvm.dylib+0x4884a6], sa_mask[0]=00100000000000000000000000000000, sa_flags=SA_RESTART|SA_SIGINFO
SIGHUP: [libjvm.dylib+0x486a7d], sa_mask[0]=11111111011111110111111111111111, sa_flags=SA_RESTART|SA_SIGINFO
SIGINT: SIG_IGN, sa_mask[0]=00000000000000000000000000000000, sa_flags=none
SIGTERM: [libjvm.dylib+0x486a7d], sa_mask[0]=11111111011111110111111111111111, sa_flags=SA_RESTART|SA_SIGINFO
SIGQUIT: [libjvm.dylib+0x486a7d], sa_mask[0]=11111111011111110111111111111111, sa_flags=SA_RESTART|SA_SIGINFO


---------------  S Y S T E M  ---------------

OS:Bsduname:Darwin 18.0.0 Darwin Kernel Version 18.0.0: Wed Aug 22 20:13:40 PDT 2018; root:xnu-4903.201.2~1/RELEASE_X86_64 x86_64
rlimit: STACK 8192k, CORE 0k, NPROC 1418, NOFILE 10240, AS infinity
load average:4.26 2.74 2.33

CPU:total 4 (initial active 4) (2 cores per cpu, 2 threads per core) family 6 model 58 stepping 9, cmov, cx8, fxsr, mmx, sse, sse2, sse3, ssse3, sse4.1, sse4.2, popcnt, avx, aes, clmul, erms, ht, tsc, tscinvbit, tscinv

Memory: 4k page, physical 16777216k(2565992k free)

/proc/meminfo:


vm_info: Java HotSpot(TM) 64-Bit Server VM (25.131-b11) for bsd-amd64 JRE (1.8.0_131-b11), built on Mar 15 2017 01:32:22 by "java_re" with gcc 4.2.1 (Based on Apple Inc. build 5658) (LLVM build 2336.11.00)

time: Mon Jun 24 18:20:59 2019
elapsed time: 21 seconds (0d 0h 0m 21s)

