#
# A fatal error has been detected by the Java Runtime Environment:
#
#  SIGSEGV (0xb) at pc=0x000000010f96a7f6, pid=4209, tid=0x0000000000000307
#
# JRE version: Java(TM) SE Runtime Environment (8.0_131-b11) (build 1.8.0_131-b11)
# Java VM: Java HotSpot(TM) 64-Bit Server VM (25.131-b11 mixed mode bsd-amd64 compressed oops)
# Problematic frame:
# V  [libjvm.dylib+0x16a7f6]  ThreadStateTransition::trans_from_native(JavaThreadState)+0xa
#
# Failed to write core dump. Core dumps have been disabled. To enable core dumping, try "ulimit -c unlimited" before starting Java again
#
# If you would like to submit a bug report, please visit:
#   http://bugreport.java.com/bugreport/crash.jsp
# The crash happened outside the Java Virtual Machine in native code.
# See problematic frame for where to report the bug.
#

---------------  T H R E A D  ---------------

Current thread (0x00007ff8c392a000):  JavaThread "AppKit Thread" daemon [_thread_in_native, id=775, stack(0x00007ffee04ae000,0x00007ffee0cae000)]

siginfo: si_signo: 11 (SIGSEGV), si_code: 1 (SEGV_MAPERR), si_addr: 0x0000000000000270

Registers:
RAX=0x0000000000000000, RBX=0x0000000000000000, RCX=0x00000001100304e0, RDX=0x0000000000000000
RSP=0x00007ffee0ca9230, RBP=0x00007ffee0ca9240, RSI=0x0000000000000006, RDI=0x00007ffee0ca9250
R8 =0x0000000000000000, R9 =0x0000000000000000, R10=0x00007fffa10eaed8, R11=0x00007ff8c5270a10
R12=0x00007ff8c49e61f8, R13=0x00007ff8c5001770, R14=0x00007ff8c2fd8e50, R15=0x00007ff8c49e61f8
RIP=0x000000010f96a7f6, EFLAGS=0x0000000000010246, ERR=0x0000000000000006
  TRAPNO=0x000000000000000e

Top of Stack: (sp=0x00007ffee0ca9230)
0x00007ffee0ca9230:   0000000000000000 00007ff8c2fd8e50
0x00007ffee0ca9240:   00007ffee0ca9270 000000010fb14d6a
0x00007ffee0ca9250:   0000000000000000 00007ff8c2e95180
0x00007ffee0ca9260:   0000000000000008 00007ff8c5217d30
0x00007ffee0ca9270:   00007ffee0ca9290 00007fff4cfcfe3f
0x00007ffee0ca9280:   00007ff8c49e61f8 00007ff8c43d0400
0x00007ffee0ca9290:   00007ffee0ca92b0 00007fff4cfcfc52
0x00007ffee0ca92a0:   00007ff8c2e95100 00007ff8c2ff5c80
0x00007ffee0ca92b0:   00007ffee0ca9310 0000000130ae2f53
0x00007ffee0ca92c0:   00007ff8c43d0400 0000000000000000
0x00007ffee0ca92d0:   40e04d3a52b57c79 00007ff8c52018c0
0x00007ffee0ca92e0:   00007ffee0ca9310 00007ff8c5217d30
0x00007ffee0ca92f0:   00007ff8c5217d30 00007ff8c5001770
0x00007ffee0ca9300:   00007fff74e6c580 00007ff8c52018c0
0x00007ffee0ca9310:   00007ffee0ca93c0 00007fff53e606f8
0x00007ffee0ca9320:   0000000000000000 0000000000000000
0x00007ffee0ca9330:   00007ff8c5217d30 0000000000000000
0x00007ffee0ca9340:   00000004c395e200 0000000000000000
0x00007ffee0ca9350:   40e04d3a52b57c79 0000000000000000
0x00007ffee0ca9360:   00007ff8c5217d30 0000000000000000
0x00007ffee0ca9370:   00007ff8c5217d30 00007ffee0ca9398
0x00007ffee0ca9380:   00007ffee0ca93c0 00007fff53e5ff0e
0x00007ffee0ca9390:   5c1f76ff7b1600cb 00007fff74e6c580
0x00007ffee0ca93a0:   0000000000000004 0000000000000000
0x00007ffee0ca93b0:   00007ff8c5217d30 00007fff46f46a7d
0x00007ffee0ca93c0:   00007ffee0ca9440 00007fff53e5fcd4
0x00007ffee0ca93d0:   000000000000005c 4076500000000000
0x00007ffee0ca93e0:   408ed80000000000 3ff0000000000000
0x00007ffee0ca93f0:   0000000000000000 0000000000000000
0x00007ffee0ca9400:   408ed80000000000 4076500000000000
0x00007ffee0ca9410:   5c1f76ff7b1600cb 00007ffee0ca9510
0x00007ffee0ca9420:   00007ff8c5000ef0 00007fff74e6c580 

Instructions: (pc=0x000000010f96a7f6)
0x000000010f96a7d6:   0e 48 8b 0b 49 8b 56 18 48 63 c0 48 89 0c c2 5b
0x000000010f96a7e6:   41 5e 5d c3 90 90 55 48 89 e5 41 56 53 48 8b 1f
0x000000010f96a7f6:   c7 83 70 02 00 00 05 00 00 00 48 8d 05 21 6c 78
0x000000010f96a806:   00 8b 00 83 f8 01 41 89 f6 75 0c 48 8d 0d 6e d7 

Register to memory mapping:

RAX=0x0000000000000000 is an unknown value
RBX=0x0000000000000000 is an unknown value
RCX=0x00000001100304e0: jni_NativeInterface+0 in /Library/Java/JavaVirtualMachines/jdk1.8.0_131.jdk/Contents/Home/jre/lib/server/libjvm.dylib at 0x000000010f800000
RDX=0x0000000000000000 is an unknown value
RSP=0x00007ffee0ca9230 is pointing into the stack for thread: 0x00007ff8c392a000
RBP=0x00007ffee0ca9240 is pointing into the stack for thread: 0x00007ff8c392a000
RSI=0x0000000000000006 is an unknown value
RDI=0x00007ffee0ca9250 is pointing into the stack for thread: 0x00007ff8c392a000
R8 =0x0000000000000000 is an unknown value
R9 =0x0000000000000000 is an unknown value
R10=0x00007fffa10eaed8: OBJC_CLASS_$_JNFWeakJObjectWrapper+0 in /System/Library/Frameworks/JavaVM.framework/Versions/A/Frameworks/JavaNativeFoundation.framework/Versions/A/JavaNativeFoundation at 0x00007fff4cfc9000
R11=0x00007ff8c5270a10 is an unknown value
R12=0x00007ff8c49e61f8 is an unknown value
R13=0x00007ff8c5001770 is an unknown value
R14=0x00007ff8c2fd8e50 is a weak global jni handle
R15=0x00007ff8c49e61f8 is an unknown value


Stack: [0x00007ffee04ae000,0x00007ffee0cae000],  sp=0x00007ffee0ca9230,  free space=8172k
Native frames: (J=compiled Java code, j=interpreted, Vv=VM code, C=native code)
V  [libjvm.dylib+0x16a7f6]  ThreadStateTransition::trans_from_native(JavaThreadState)+0xa
V  [libjvm.dylib+0x314d6a]  jni_IsSameObject+0x30
C  [JavaNativeFoundation+0x6e3f]  -[JNFWeakJObjectWrapper _getWithEnv:]+0x26
C  [JavaNativeFoundation+0x6c52]  -[JNFJObjectWrapper jObjectWithEnv:]+0x16
C  [libawt_lwawt.dylib+0x1af53]  -[CGLLayer drawInCGLContext:pixelFormat:forLayerTime:displayTime:]+0xa4
C  [QuartzCore+0xb26f8]  CAOpenGLLayerDraw(CAOpenGLLayer*, double, CVTimeStamp const*, unsigned int)+0x7b6
C  [QuartzCore+0xb1cd4]  -[CAOpenGLLayer _display]+0x243
C  [QuartzCore+0x141bc]  CA::Layer::display_if_needed(CA::Transaction*)+0x27a
C  [QuartzCore+0x2447]  CA::Context::commit_transaction(CA::Transaction*)+0x13f
C  [QuartzCore+0x1d20]  CA::Transaction::commit()+0x240
C  [QuartzCore+0x1a2c]  CA::Transaction::observer_callback(__CFRunLoopObserver*, unsigned long, void*)+0x42
C  [CoreFoundation+0x99709]  __CFRUNLOOP_IS_CALLING_OUT_TO_AN_OBSERVER_CALLBACK_FUNCTION__+0x17
C  [CoreFoundation+0x9963e]  __CFRunLoopDoObservers+0x1c4
C  [CoreFoundation+0x3b611]  __CFRunLoopRun+0x5c4
C  [CoreFoundation+0x3adfa]  CFRunLoopRunSpecific+0x1d3
C  [java+0x6465]  CreateExecutionEnvironment+0x367
C  [java+0x218c]  JLI_Launch+0x7a0
C  [java+0x84c2]  main+0x65
C  [java+0x19e4]  start+0x34
C  0x0000000000000005


---------------  P R O C E S S  ---------------

Java Threads: ( => current thread )
=>0x00007ff8c392a000 JavaThread "AppKit Thread" daemon [_thread_in_native, id=775, stack(0x00007ffee04ae000,0x00007ffee0cae000)]
  0x00007ff8c3295800 JavaThread "Direct Clip" daemon [_thread_blocked, id=89359, stack(0x000070000eed5000,0x000070000efd5000)]
  0x00007ff8c4688800 JavaThread "Java Sound Event Dispatcher" daemon [_thread_blocked, id=89095, stack(0x000070000ea46000,0x000070000eb46000)]
  0x00007ff8c432e000 JavaThread "webcam-discovery-service" daemon [_thread_blocked, id=59915, stack(0x000070000eccf000,0x000070000edcf000)]
  0x00007ff8c4eba800 JavaThread "atomic-processor-1" daemon [_thread_blocked, id=72715, stack(0x000070000edd2000,0x000070000eed2000)]
  0x00007ff8c485e800 JavaThread "TimerQueue" daemon [_thread_blocked, id=58371, stack(0x000070000ebcc000,0x000070000eccc000)]
  0x00007ff8c3353800 JavaThread "DestroyJavaVM" [_thread_blocked, id=10243, stack(0x000070000d278000,0x000070000d378000)]
  0x00007ff8c3bc6000 JavaThread "AWT-EventQueue-0" [_thread_blocked, id=55811, stack(0x000070000e8c0000,0x000070000e9c0000)]
  0x00007ff8c3bc8800 JavaThread "AWT-Shutdown" [_thread_blocked, id=75271, stack(0x000070000e7bd000,0x000070000e8bd000)]
  0x00007ff8c42f4000 JavaThread "Java2D Disposer" daemon [_thread_blocked, id=75539, stack(0x000070000e6ba000,0x000070000e7ba000)]
  0x00007ff8c43c9000 JavaThread "Java2D Queue Flusher" daemon [_thread_blocked, id=53771, stack(0x000070000e5b7000,0x000070000e6b7000)]
  0x00007ff8c31f5000 JavaThread "Timer-0" daemon [_thread_blocked, id=49699, stack(0x000070000e4b4000,0x000070000e5b4000)]
  0x00007ff8c39b6800 JavaThread "Thread-3" daemon [_thread_in_native, id=35587, stack(0x000070000e32b000,0x000070000e3ab000)]
  0x00007ff8c392d000 JavaThread "Thread-1" daemon [_thread_blocked, id=24067, stack(0x000070000e1a5000,0x000070000e2a5000)]
  0x00007ff8c3007800 JavaThread "Service Thread" daemon [_thread_blocked, id=17923, stack(0x000070000de9c000,0x000070000df9c000)]
  0x00007ff8c386e000 JavaThread "C1 CompilerThread2" daemon [_thread_blocked, id=14083, stack(0x000070000dd99000,0x000070000de99000)]
  0x00007ff8c381f000 JavaThread "C2 CompilerThread1" daemon [_thread_in_native, id=18179, stack(0x000070000dc96000,0x000070000dd96000)]
  0x00007ff8c4831000 JavaThread "C2 CompilerThread0" daemon [_thread_in_native, id=18691, stack(0x000070000db93000,0x000070000dc93000)]
  0x00007ff8c4813800 JavaThread "Signal Dispatcher" daemon [_thread_blocked, id=18947, stack(0x000070000da90000,0x000070000db90000)]
  0x00007ff8c300b000 JavaThread "Finalizer" daemon [_thread_blocked, id=20739, stack(0x000070000d98d000,0x000070000da8d000)]
  0x00007ff8c402a800 JavaThread "Reference Handler" daemon [_thread_blocked, id=20995, stack(0x000070000d88a000,0x000070000d98a000)]

Other Threads:
  0x00007ff8c4026000 VMThread [stack: 0x000070000d787000,0x000070000d887000] [id=11523]
  0x00007ff8c4048000 WatcherThread [stack: 0x000070000df9f000,0x000070000e09f000] [id=17411]

VM state:not at safepoint (normal execution)

VM Mutex/Monitor currently owned by a thread: None

Heap:
 PSYoungGen      total 76288K, used 32739K [0x000000076ab00000, 0x0000000770000000, 0x00000007c0000000)
  eden space 65536K, 33% used [0x000000076ab00000,0x000000076c07a720,0x000000076eb00000)
  from space 10752K, 99% used [0x000000076f580000,0x000000076fffe5d0,0x0000000770000000)
  to   space 10752K, 0% used [0x000000076eb00000,0x000000076eb00000,0x000000076f580000)
 ParOldGen       total 124928K, used 11973K [0x00000006c0000000, 0x00000006c7a00000, 0x000000076ab00000)
  object space 124928K, 9% used [0x00000006c0000000,0x00000006c0bb16f8,0x00000006c7a00000)
 Metaspace       used 32287K, capacity 32908K, committed 33280K, reserved 1079296K
  class space    used 3799K, capacity 3981K, committed 4096K, reserved 1048576K

Card table byte_map: [0x0000000110ba3000,0x00000001113a4000] byte_map_base: 0x000000010d5a3000

Marking Bits: (ParMarkBitMap*) 0x00000001100f1ea0
 Begin Bits: [0x0000000122c1f000, 0x0000000126c1f000)
 End Bits:   [0x0000000126c1f000, 0x000000012ac1f000)

Polling page: 0x000000010efc0000

CodeCache: size=245760Kb used=9616Kb max_used=9616Kb free=236143Kb
 bounds [0x0000000113c1f000, 0x000000011459f000, 0x0000000122c1f000]
 total_blobs=3896 nmethods=3076 adapters=732
 compilation: enabled

Compilation events (10 events):
Event: 30.722 Thread 0x00007ff8c386e000 nmethod 3478 0x0000000114586790 code [0x0000000114586920, 0x0000000114586e38]
Event: 30.722 Thread 0x00007ff8c386e000 3479       3       javax.swing.GroupLayout::preferredLayoutSize (31 bytes)
Event: 30.723 Thread 0x00007ff8c386e000 nmethod 3479 0x00000001145854d0 code [0x00000001145856e0, 0x0000000114586308]
Event: 30.724 Thread 0x00007ff8c386e000 3482       3       com.apple.laf.AquaButtonUI$AquaButtonListener::ancestorMoved (1 bytes)
Event: 30.724 Thread 0x00007ff8c386e000 nmethod 3482 0x0000000113ddabd0 code [0x0000000113ddad20, 0x0000000113ddae70]
Event: 30.724 Thread 0x00007ff8c386e000 3484       3       java.lang.Math::min (12 bytes)
Event: 30.724 Thread 0x00007ff8c386e000 nmethod 3484 0x0000000113e7cc10 code [0x0000000113e7cd80, 0x0000000113e7cf10]
Event: 30.724 Thread 0x00007ff8c386e000 3481       3       java.awt.Container::insets (42 bytes)
Event: 30.724 Thread 0x00007ff8c386e000 nmethod 3481 0x00000001141b4e10 code [0x00000001141b4fe0, 0x00000001141b5848]
Event: 30.725 Thread 0x00007ff8c386e000 3483       1       sun.java2d.opengl.CGLSurfaceData::getDefaultScale (5 bytes)

GC Heap History (6 events):
Event: 5.405 GC heap before
{Heap before GC invocations=1 (full 0):
 PSYoungGen      total 76288K, used 62069K [0x000000076ab00000, 0x0000000770000000, 0x00000007c0000000)
  eden space 65536K, 94% used [0x000000076ab00000,0x000000076e79d438,0x000000076eb00000)
  from space 10752K, 0% used [0x000000076f580000,0x000000076f580000,0x0000000770000000)
  to   space 10752K, 0% used [0x000000076eb00000,0x000000076eb00000,0x000000076f580000)
 ParOldGen       total 175104K, used 0K [0x00000006c0000000, 0x00000006cab00000, 0x000000076ab00000)
  object space 175104K, 0% used [0x00000006c0000000,0x00000006c0000000,0x00000006cab00000)
 Metaspace       used 20750K, capacity 21134K, committed 21296K, reserved 1069056K
  class space    used 2273K, capacity 2412K, committed 2432K, reserved 1048576K
Event: 5.421 GC heap after
Heap after GC invocations=1 (full 0):
 PSYoungGen      total 76288K, used 10651K [0x000000076ab00000, 0x0000000770000000, 0x00000007c0000000)
  eden space 65536K, 0% used [0x000000076ab00000,0x000000076ab00000,0x000000076eb00000)
  from space 10752K, 99% used [0x000000076eb00000,0x000000076f566cf8,0x000000076f580000)
  to   space 10752K, 0% used [0x000000076f580000,0x000000076f580000,0x0000000770000000)
 ParOldGen       total 175104K, used 24K [0x00000006c0000000, 0x00000006cab00000, 0x000000076ab00000)
  object space 175104K, 0% used [0x00000006c0000000,0x00000006c0006000,0x00000006cab00000)
 Metaspace       used 20750K, capacity 21134K, committed 21296K, reserved 1069056K
  class space    used 2273K, capacity 2412K, committed 2432K, reserved 1048576K
}
Event: 5.421 GC heap before
{Heap before GC invocations=2 (full 1):
 PSYoungGen      total 76288K, used 10651K [0x000000076ab00000, 0x0000000770000000, 0x00000007c0000000)
  eden space 65536K, 0% used [0x000000076ab00000,0x000000076ab00000,0x000000076eb00000)
  from space 10752K, 99% used [0x000000076eb00000,0x000000076f566cf8,0x000000076f580000)
  to   space 10752K, 0% used [0x000000076f580000,0x000000076f580000,0x0000000770000000)
 ParOldGen       total 175104K, used 24K [0x00000006c0000000, 0x00000006cab00000, 0x000000076ab00000)
  object space 175104K, 0% used [0x00000006c0000000,0x00000006c0006000,0x00000006cab00000)
 Metaspace       used 20750K, capacity 21134K, committed 21296K, reserved 1069056K
  class space    used 2273K, capacity 2412K, committed 2432K, reserved 1048576K
Event: 5.465 GC heap after
Heap after GC invocations=2 (full 1):
 PSYoungGen      total 76288K, used 0K [0x000000076ab00000, 0x0000000770000000, 0x00000007c0000000)
  eden space 65536K, 0% used [0x000000076ab00000,0x000000076ab00000,0x000000076eb00000)
  from space 10752K, 0% used [0x000000076eb00000,0x000000076eb00000,0x000000076f580000)
  to   space 10752K, 0% used [0x000000076f580000,0x000000076f580000,0x0000000770000000)
 ParOldGen       total 124928K, used 10316K [0x00000006c0000000, 0x00000006c7a00000, 0x000000076ab00000)
  object space 124928K, 8% used [0x00000006c0000000,0x00000006c0a132c0,0x00000006c7a00000)
 Metaspace       used 20750K, capacity 21134K, committed 21296K, reserved 1069056K
  class space    used 2273K, capacity 2412K, committed 2432K, reserved 1048576K
}
Event: 28.065 GC heap before
{Heap before GC invocations=3 (full 1):
 PSYoungGen      total 76288K, used 65536K [0x000000076ab00000, 0x0000000770000000, 0x00000007c0000000)
  eden space 65536K, 100% used [0x000000076ab00000,0x000000076eb00000,0x000000076eb00000)
  from space 10752K, 0% used [0x000000076eb00000,0x000000076eb00000,0x000000076f580000)
  to   space 10752K, 0% used [0x000000076f580000,0x000000076f580000,0x0000000770000000)
 ParOldGen       total 124928K, used 10316K [0x00000006c0000000, 0x00000006c7a00000, 0x000000076ab00000)
  object space 124928K, 8% used [0x00000006c0000000,0x00000006c0a132c0,0x00000006c7a00000)
 Metaspace       used 29723K, capacity 30314K, committed 30464K, reserved 1077248K
  class space    used 3399K, capacity 3568K, committed 3584K, reserved 1048576K
Event: 28.080 GC heap after
Heap after GC invocations=3 (full 1):
 PSYoungGen      total 76288K, used 10745K [0x000000076ab00000, 0x0000000770000000, 0x00000007c0000000)
  eden space 65536K, 0% used [0x000000076ab00000,0x000000076ab00000,0x000000076eb00000)
  from space 10752K, 99% used [0x000000076f580000,0x000000076fffe5d0,0x0000000770000000)
  to   space 10752K, 0% used [0x000000076eb00000,0x000000076eb00000,0x000000076f580000)
 ParOldGen       total 124928K, used 11973K [0x00000006c0000000, 0x00000006c7a00000, 0x000000076ab00000)
  object space 124928K, 9% used [0x00000006c0000000,0x00000006c0bb16f8,0x00000006c7a00000)
 Metaspace       used 29723K, capacity 30314K, committed 30464K, reserved 1077248K
  class space    used 3399K, capacity 3568K, committed 3584K, reserved 1048576K
}

Deoptimization events (10 events):
Event: 26.726 Thread 0x00007ff8c3bc6000 Uncommon trap: reason=unstable_if action=reinterpret pc=0x00000001141fa548 method=java.util.Arrays.equals([B[B)Z @ 12
Event: 26.969 Thread 0x00007ff8c3bc6000 Uncommon trap: reason=class_check action=maybe_recompile pc=0x00000001143ae834 method=java.util.regex.Pattern$5.isSatisfiedBy(I)Z @ 16
Event: 26.969 Thread 0x00007ff8c3bc6000 Uncommon trap: reason=class_check action=maybe_recompile pc=0x00000001143ae834 method=java.util.regex.Pattern$5.isSatisfiedBy(I)Z @ 16
Event: 26.973 Thread 0x00007ff8c3bc6000 Uncommon trap: reason=unstable_if action=reinterpret pc=0x000000011442988c method=java.util.concurrent.ConcurrentHashMap.putVal(Ljava/lang/Object;Ljava/lang/Object;Z)Ljava/lang/Object; @ 206
Event: 28.866 Thread 0x00007ff8c3bc6000 Uncommon trap: reason=class_check action=maybe_recompile pc=0x00000001143ae834 method=java.util.regex.Pattern$5.isSatisfiedBy(I)Z @ 16
Event: 28.866 Thread 0x00007ff8c3bc6000 Uncommon trap: reason=class_check action=maybe_recompile pc=0x00000001143ae834 method=java.util.regex.Pattern$5.isSatisfiedBy(I)Z @ 16
Event: 30.162 Thread 0x00007ff8c3bc6000 Uncommon trap: reason=bimorphic action=maybe_recompile pc=0x0000000114475258 method=java.util.regex.Pattern$5.isSatisfiedBy(I)Z @ 16
Event: 30.179 Thread 0x00007ff8c3bc6000 Uncommon trap: reason=bimorphic action=maybe_recompile pc=0x0000000114475258 method=java.util.regex.Pattern$5.isSatisfiedBy(I)Z @ 16
Event: 30.192 Thread 0x00007ff8c3bc6000 Uncommon trap: reason=bimorphic action=maybe_recompile pc=0x00000001143c0188 method=java.util.regex.Pattern$5.isSatisfiedBy(I)Z @ 16
Event: 30.300 Thread 0x00007ff8c3bc6000 Uncommon trap: reason=predicate action=maybe_recompile pc=0x0000000114425f24 method=java.lang.String.regionMatches(ZILjava/lang/String;II)Z @ 63

Internal exceptions (10 events):
Event: 9.396 Thread 0x00007ff8c4eba800 Exception <a 'java/lang/NoSuchMethodError': apply> (0x000000076d3adad0) thrown at [/Users/java_re/workspace/8-2-build-macosx-x86_64/jdk8u131/8869/hotspot/src/share/vm/prims/jni.cpp, line 1613]
Event: 9.396 Thread 0x00007ff8c4eba800 Exception <a 'java/lang/NoSuchMethodError': apply> (0x000000076d3aed48) thrown at [/Users/java_re/workspace/8-2-build-macosx-x86_64/jdk8u131/8869/hotspot/src/share/vm/prims/jni.cpp, line 1613]
Event: 9.558 Thread 0x00007ff8c4eba800 Exception <a 'java/lang/NoSuchMethodError': getDevice> (0x000000076d3d7c98) thrown at [/Users/java_re/workspace/8-2-build-macosx-x86_64/jdk8u131/8869/hotspot/src/share/vm/prims/jni.cpp, line 1613]
Event: 9.558 Thread 0x00007ff8c4eba800 Exception <a 'java/lang/NoSuchMethodError': getNumDevices> (0x000000076d3d7ef8) thrown at [/Users/java_re/workspace/8-2-build-macosx-x86_64/jdk8u131/8869/hotspot/src/share/vm/prims/jni.cpp, line 1613]
Event: 9.559 Thread 0x00007ff8c4eba800 Exception <a 'java/lang/NoSuchMethodError': getName> (0x000000076d3e1a98) thrown at [/Users/java_re/workspace/8-2-build-macosx-x86_64/jdk8u131/8869/hotspot/src/share/vm/prims/jni.cpp, line 1613]
Event: 9.559 Thread 0x00007ff8c4eba800 Exception <a 'java/lang/NoSuchMethodError': getIdentifier> (0x000000076d3e1d00) thrown at [/Users/java_re/workspace/8-2-build-macosx-x86_64/jdk8u131/8869/hotspot/src/share/vm/prims/jni.cpp, line 1613]
Event: 25.222 Thread 0x00007ff8c3b4e000 Exception <a 'java/lang/InterruptedException': sleep interrupted> (0x000000076d52a1d0) thrown at [/Users/java_re/workspace/8-2-build-macosx-x86_64/jdk8u131/8869/hotspot/src/share/vm/prims/jvm.cpp, line 3228]
Event: 26.726 Thread 0x00007ff8c3bc6000 Implicit null exception at 0x00000001141fa3f8 to 0x00000001141fa535
Event: 30.665 Thread 0x00007ff8c3bc6000 Exception <a 'java/lang/RuntimeException'> (0x000000076be48118) thrown at [/Users/java_re/workspace/8-2-build-macosx-x86_64/jdk8u131/8869/hotspot/src/share/vm/prims/jvm.cpp, line 1394]
Event: 30.665 Thread 0x00007ff8c3bc6000 Exception <a 'java/lang/RuntimeException'> (0x000000076be48118) thrown at [/Users/java_re/workspace/8-2-build-macosx-x86_64/jdk8u131/8869/hotspot/src/share/vm/prims/jvm.cpp, line 1394]

Events (10 events):
Event: 30.699 Thread 0x00007ff8c386e000 flushing nmethod 0x00000001141f3f90
Event: 30.699 Thread 0x00007ff8c386e000 flushing nmethod 0x00000001141f6490
Event: 30.699 Thread 0x00007ff8c386e000 flushing nmethod 0x00000001141fb790
Event: 30.699 Thread 0x00007ff8c386e000 flushing nmethod 0x0000000114203210
Event: 30.701 Thread 0x00007ff8c386e000 flushing nmethod 0x0000000114268090
Event: 30.701 Thread 0x00007ff8c386e000 flushing nmethod 0x0000000114268b50
Event: 30.701 Thread 0x00007ff8c386e000 flushing nmethod 0x0000000114280f50
Event: 30.702 Thread 0x00007ff8c386e000 flushing nmethod 0x00000001142dc750
Event: 30.702 Thread 0x00007ff8c386e000 flushing nmethod 0x00000001142eaa10
Event: 30.703 Thread 0x00007ff8c386e000 flushing nmethod 0x00000001143c7210


Dynamic libraries:
0x000000001d962000 	/System/Library/Frameworks/Cocoa.framework/Versions/A/Cocoa
0x000000001d962000 	/System/Library/Frameworks/Security.framework/Versions/A/Security
0x000000001d962000 	/System/Library/Frameworks/ApplicationServices.framework/Versions/A/ApplicationServices
0x000000001d962000 	/usr/lib/libz.1.dylib
0x000000001d962000 	/usr/lib/libSystem.B.dylib
0x000000001d962000 	/usr/lib/libobjc.A.dylib
0x000000001d962000 	/System/Library/Frameworks/CoreFoundation.framework/Versions/A/CoreFoundation
0x000000001d962000 	/System/Library/Frameworks/Foundation.framework/Versions/C/Foundation
0x000000001d962000 	/System/Library/Frameworks/AppKit.framework/Versions/C/AppKit
0x000000001d962000 	/System/Library/Frameworks/CoreData.framework/Versions/A/CoreData
0x000000001d962000 	/System/Library/PrivateFrameworks/RemoteViewServices.framework/Versions/A/RemoteViewServices
0x000000001d962000 	/System/Library/PrivateFrameworks/UIFoundation.framework/Versions/A/UIFoundation
0x000000001d962000 	/System/Library/PrivateFrameworks/XCTTargetBootstrap.framework/Versions/A/XCTTargetBootstrap
0x000000001d962000 	/System/Library/PrivateFrameworks/IconServices.framework/Versions/A/IconServices
0x000000001d962000 	/System/Library/Frameworks/Metal.framework/Versions/A/Metal
0x000000001d962000 	/System/Library/PrivateFrameworks/DesktopServicesPriv.framework/Versions/A/DesktopServicesPriv
0x000000001d962000 	/usr/lib/libenergytrace.dylib
0x000000001d962000 	/System/Library/PrivateFrameworks/SkyLight.framework/Versions/A/SkyLight
0x000000001d962000 	/System/Library/Frameworks/CoreGraphics.framework/Versions/A/CoreGraphics
0x000000001d962000 	/System/Library/Frameworks/Accelerate.framework/Versions/A/Accelerate
0x000000001d962000 	/System/Library/Frameworks/IOSurface.framework/Versions/A/IOSurface
0x000000001d962000 	/System/Library/PrivateFrameworks/DFRFoundation.framework/Versions/A/DFRFoundation
0x000000001d962000 	/System/Library/Frameworks/AudioToolbox.framework/Versions/A/AudioToolbox
0x000000001d962000 	/System/Library/Frameworks/AudioUnit.framework/Versions/A/AudioUnit
0x000000001d962000 	/System/Library/PrivateFrameworks/DataDetectorsCore.framework/Versions/A/DataDetectorsCore
0x000000001d962000 	/System/Library/Frameworks/Carbon.framework/Versions/A/Frameworks/HIToolbox.framework/Versions/A/HIToolbox
0x000000001d962000 	/usr/lib/libicucore.A.dylib
0x000000001d962000 	/System/Library/Frameworks/QuartzCore.framework/Versions/A/QuartzCore
0x000000001d962000 	/System/Library/Frameworks/Carbon.framework/Versions/A/Frameworks/SpeechRecognition.framework/Versions/A/SpeechRecognition
0x000000001d962000 	/usr/lib/libauto.dylib
0x000000001d962000 	/usr/lib/libxml2.2.dylib
0x000000001d962000 	/System/Library/PrivateFrameworks/CoreUI.framework/Versions/A/CoreUI
0x000000001d962000 	/System/Library/Frameworks/CoreAudio.framework/Versions/A/CoreAudio
0x000000001d962000 	/System/Library/Frameworks/DiskArbitration.framework/Versions/A/DiskArbitration
0x000000001d962000 	/usr/lib/liblangid.dylib
0x000000001d962000 	/System/Library/PrivateFrameworks/MultitouchSupport.framework/Versions/A/MultitouchSupport
0x000000001d962000 	/System/Library/Frameworks/IOKit.framework/Versions/A/IOKit
0x000000001d962000 	/usr/lib/libDiagnosticMessagesClient.dylib
0x000000001d962000 	/System/Library/Frameworks/CoreServices.framework/Versions/A/CoreServices
0x000000001d962000 	/System/Library/PrivateFrameworks/PerformanceAnalysis.framework/Versions/A/PerformanceAnalysis
0x000000001d962000 	/System/Library/Frameworks/OpenGL.framework/Versions/A/OpenGL
0x000000001d962000 	/System/Library/Frameworks/ColorSync.framework/Versions/A/ColorSync
0x000000001d962000 	/System/Library/Frameworks/CoreImage.framework/Versions/A/CoreImage
0x000000001d962000 	/System/Library/Frameworks/CoreText.framework/Versions/A/CoreText
0x000000001d962000 	/System/Library/Frameworks/ImageIO.framework/Versions/A/ImageIO
0x000000001d962000 	/System/Library/PrivateFrameworks/Backup.framework/Versions/A/Backup
0x000000001d962000 	/usr/lib/libarchive.2.dylib
0x000000001d962000 	/System/Library/Frameworks/CFNetwork.framework/Versions/A/CFNetwork
0x000000001d962000 	/System/Library/Frameworks/SystemConfiguration.framework/Versions/A/SystemConfiguration
0x000000001d962000 	/usr/lib/libCRFSuite.dylib
0x000000001d962000 	/usr/lib/libc++.1.dylib
0x000000001d962000 	/usr/lib/libc++abi.dylib
0x000000001d962000 	/usr/lib/system/libcache.dylib
0x000000001d962000 	/usr/lib/system/libcommonCrypto.dylib
0x000000001d962000 	/usr/lib/system/libcompiler_rt.dylib
0x000000001d962000 	/usr/lib/system/libcopyfile.dylib
0x000000001d962000 	/usr/lib/system/libcorecrypto.dylib
0x000000001d962000 	/usr/lib/system/libdispatch.dylib
0x000000001d962000 	/usr/lib/system/libdyld.dylib
0x000000001d962000 	/usr/lib/system/libkeymgr.dylib
0x000000001d962000 	/usr/lib/system/liblaunch.dylib
0x000000001d962000 	/usr/lib/system/libmacho.dylib
0x000000001d962000 	/usr/lib/system/libquarantine.dylib
0x000000001d962000 	/usr/lib/system/libremovefile.dylib
0x000000001d962000 	/usr/lib/system/libsystem_asl.dylib
0x000000001d962000 	/usr/lib/system/libsystem_blocks.dylib
0x000000001d962000 	/usr/lib/system/libsystem_c.dylib
0x000000001d962000 	/usr/lib/system/libsystem_configuration.dylib
0x000000001d962000 	/usr/lib/system/libsystem_coreservices.dylib
0x000000001d962000 	/usr/lib/system/libsystem_darwin.dylib
0x000000001d962000 	/usr/lib/system/libsystem_dnssd.dylib
0x000000001d962000 	/usr/lib/system/libsystem_info.dylib
0x000000001d962000 	/usr/lib/system/libsystem_m.dylib
0x000000001d962000 	/usr/lib/system/libsystem_malloc.dylib
0x000000001d962000 	/usr/lib/system/libsystem_networkextension.dylib
0x000000001d962000 	/usr/lib/system/libsystem_notify.dylib
0x000000001d962000 	/usr/lib/system/libsystem_sandbox.dylib
0x000000001d962000 	/usr/lib/system/libsystem_secinit.dylib
0x000000001d962000 	/usr/lib/system/libsystem_kernel.dylib
0x000000001d962000 	/usr/lib/system/libsystem_platform.dylib
0x000000001d962000 	/usr/lib/system/libsystem_pthread.dylib
0x000000001d962000 	/usr/lib/system/libsystem_symptoms.dylib
0x000000001d962000 	/usr/lib/system/libsystem_trace.dylib
0x000000001d962000 	/usr/lib/system/libunwind.dylib
0x000000001d962000 	/usr/lib/system/libxpc.dylib
0x000000001d962000 	/usr/lib/libbsm.0.dylib
0x000000001d962000 	/usr/lib/system/libkxld.dylib
0x000000001d962000 	/System/Library/PrivateFrameworks/AppleFSCompression.framework/Versions/A/AppleFSCompression
0x000000001d962000 	/usr/lib/libOpenScriptingUtil.dylib
0x000000001d962000 	/usr/lib/libcoretls.dylib
0x000000001d962000 	/usr/lib/libcoretls_cfhelpers.dylib
0x000000001d962000 	/usr/lib/libpam.2.dylib
0x000000001d962000 	/usr/lib/libsqlite3.dylib
0x000000001d962000 	/usr/lib/libxar.1.dylib
0x000000001d962000 	/usr/lib/libbz2.1.0.dylib
0x000000001d962000 	/usr/lib/liblzma.5.dylib
0x000000001d962000 	/usr/lib/libnetwork.dylib
0x000000001d962000 	/usr/lib/libapple_nghttp2.dylib
0x000000001d962000 	/usr/lib/libpcap.A.dylib
0x000000001d962000 	/System/Library/Frameworks/CoreServices.framework/Versions/A/Frameworks/FSEvents.framework/Versions/A/FSEvents
0x000000001d962000 	/System/Library/Frameworks/CoreServices.framework/Versions/A/Frameworks/CarbonCore.framework/Versions/A/CarbonCore
0x000000001d962000 	/System/Library/Frameworks/CoreServices.framework/Versions/A/Frameworks/Metadata.framework/Versions/A/Metadata
0x000000001d962000 	/System/Library/Frameworks/CoreServices.framework/Versions/A/Frameworks/OSServices.framework/Versions/A/OSServices
0x000000001d962000 	/System/Library/Frameworks/CoreServices.framework/Versions/A/Frameworks/SearchKit.framework/Versions/A/SearchKit
0x000000001d962000 	/System/Library/Frameworks/CoreServices.framework/Versions/A/Frameworks/AE.framework/Versions/A/AE
0x000000001d962000 	/System/Library/Frameworks/CoreServices.framework/Versions/A/Frameworks/LaunchServices.framework/Versions/A/LaunchServices
0x000000001d962000 	/System/Library/Frameworks/CoreServices.framework/Versions/A/Frameworks/DictionaryServices.framework/Versions/A/DictionaryServices
0x000000001d962000 	/System/Library/Frameworks/CoreServices.framework/Versions/A/Frameworks/SharedFileList.framework/Versions/A/SharedFileList
0x000000001d962000 	/System/Library/Frameworks/NetFS.framework/Versions/A/NetFS
0x000000001d962000 	/System/Library/PrivateFrameworks/NetAuth.framework/Versions/A/NetAuth
0x000000001d962000 	/System/Library/PrivateFrameworks/login.framework/Versions/A/Frameworks/loginsupport.framework/Versions/A/loginsupport
0x000000001d962000 	/System/Library/PrivateFrameworks/TCC.framework/Versions/A/TCC
0x000000001d962000 	/System/Library/PrivateFrameworks/CoreNLP.framework/Versions/A/CoreNLP
0x000000001d962000 	/System/Library/PrivateFrameworks/MetadataUtilities.framework/Versions/A/MetadataUtilities
0x000000001d962000 	/usr/lib/libmecabra.dylib
0x000000001d962000 	/System/Library/Frameworks/ApplicationServices.framework/Versions/A/Frameworks/ATS.framework/Versions/A/ATS
0x000000001d962000 	/System/Library/Frameworks/ApplicationServices.framework/Versions/A/Frameworks/ColorSyncLegacy.framework/Versions/A/ColorSyncLegacy
0x000000001d962000 	/System/Library/Frameworks/ApplicationServices.framework/Versions/A/Frameworks/HIServices.framework/Versions/A/HIServices
0x000000001d962000 	/System/Library/Frameworks/ApplicationServices.framework/Versions/A/Frameworks/LangAnalysis.framework/Versions/A/LangAnalysis
0x000000001d962000 	/System/Library/Frameworks/ApplicationServices.framework/Versions/A/Frameworks/PrintCore.framework/Versions/A/PrintCore
0x000000001d962000 	/System/Library/Frameworks/ApplicationServices.framework/Versions/A/Frameworks/QD.framework/Versions/A/QD
0x000000001d962000 	/System/Library/Frameworks/ApplicationServices.framework/Versions/A/Frameworks/SpeechSynthesis.framework/Versions/A/SpeechSynthesis
0x000000001d962000 	/usr/lib/libcompression.dylib
0x000000001d962000 	/System/Library/Frameworks/CoreDisplay.framework/Versions/A/CoreDisplay
0x000000001d962000 	/System/Library/Frameworks/MetalPerformanceShaders.framework/Versions/A/MetalPerformanceShaders
0x000000001d962000 	/System/Library/Frameworks/Accelerate.framework/Versions/A/Frameworks/vImage.framework/Versions/A/vImage
0x000000001d962000 	/System/Library/Frameworks/Accelerate.framework/Versions/A/Frameworks/vecLib.framework/Versions/A/vecLib
0x000000001d962000 	/System/Library/Frameworks/Accelerate.framework/Versions/A/Frameworks/vecLib.framework/Versions/A/libvMisc.dylib
0x000000001d962000 	/System/Library/Frameworks/Accelerate.framework/Versions/A/Frameworks/vecLib.framework/Versions/A/libvDSP.dylib
0x000000001d962000 	/System/Library/Frameworks/Accelerate.framework/Versions/A/Frameworks/vecLib.framework/Versions/A/libBLAS.dylib
0x000000001d962000 	/System/Library/Frameworks/Accelerate.framework/Versions/A/Frameworks/vecLib.framework/Versions/A/libLAPACK.dylib
0x000000001d962000 	/System/Library/Frameworks/Accelerate.framework/Versions/A/Frameworks/vecLib.framework/Versions/A/libLinearAlgebra.dylib
0x000000001d962000 	/System/Library/Frameworks/Accelerate.framework/Versions/A/Frameworks/vecLib.framework/Versions/A/libSparseBLAS.dylib
0x000000001d962000 	/System/Library/Frameworks/Accelerate.framework/Versions/A/Frameworks/vecLib.framework/Versions/A/libQuadrature.dylib
0x000000001d962000 	/System/Library/Frameworks/Accelerate.framework/Versions/A/Frameworks/vecLib.framework/Versions/A/libBNNS.dylib
0x000000001d962000 	/System/Library/Frameworks/Accelerate.framework/Versions/A/Frameworks/vecLib.framework/Versions/A/libSparse.dylib
0x000000001d962000 	/System/Library/PrivateFrameworks/GPUWrangler.framework/Versions/A/GPUWrangler
0x000000001d962000 	/System/Library/PrivateFrameworks/IOAccelerator.framework/Versions/A/IOAccelerator
0x000000001d962000 	/System/Library/PrivateFrameworks/IOPresentment.framework/Versions/A/IOPresentment
0x000000001d962000 	/System/Library/PrivateFrameworks/DSExternalDisplay.framework/Versions/A/DSExternalDisplay
0x000000001d962000 	/System/Library/Frameworks/OpenGL.framework/Versions/A/Libraries/libCoreFSCache.dylib
0x000000001d962000 	/System/Library/Frameworks/MetalPerformanceShaders.framework/Frameworks/MPSCore.framework/Versions/A/MPSCore
0x000000001d962000 	/System/Library/Frameworks/MetalPerformanceShaders.framework/Frameworks/MPSImage.framework/Versions/A/MPSImage
0x000000001d962000 	/System/Library/Frameworks/MetalPerformanceShaders.framework/Frameworks/MPSNeuralNetwork.framework/Versions/A/MPSNeuralNetwork
0x000000001d962000 	/System/Library/Frameworks/MetalPerformanceShaders.framework/Frameworks/MPSMatrix.framework/Versions/A/MPSMatrix
0x000000001d962000 	/System/Library/Frameworks/MetalPerformanceShaders.framework/Frameworks/MPSRayIntersector.framework/Versions/A/MPSRayIntersector
0x000000001d962000 	/System/Library/PrivateFrameworks/MetalTools.framework/Versions/A/MetalTools
0x000000001d962000 	/System/Library/PrivateFrameworks/AggregateDictionary.framework/Versions/A/AggregateDictionary
0x000000001d962000 	/usr/lib/libMobileGestalt.dylib
0x000000001d962000 	/System/Library/Frameworks/CoreVideo.framework/Versions/A/CoreVideo
0x000000001d962000 	/System/Library/PrivateFrameworks/GraphVisualizer.framework/Versions/A/GraphVisualizer
0x000000001d962000 	/System/Library/PrivateFrameworks/FaceCore.framework/Versions/A/FaceCore
0x000000001d962000 	/System/Library/Frameworks/OpenCL.framework/Versions/A/OpenCL
0x000000001d962000 	/usr/lib/libFosl_dynamic.dylib
0x000000001d962000 	/System/Library/PrivateFrameworks/OTSVG.framework/Versions/A/OTSVG
0x000000001d962000 	/System/Library/Frameworks/ApplicationServices.framework/Versions/A/Frameworks/ATS.framework/Versions/A/Resources/libFontParser.dylib
0x000000001d962000 	/System/Library/Frameworks/ApplicationServices.framework/Versions/A/Frameworks/ATS.framework/Versions/A/Resources/libFontRegistry.dylib
0x000000001d962000 	/System/Library/Frameworks/ImageIO.framework/Versions/A/Resources/libJPEG.dylib
0x000000001d962000 	/System/Library/Frameworks/ImageIO.framework/Versions/A/Resources/libTIFF.dylib
0x000000001d962000 	/System/Library/Frameworks/ImageIO.framework/Versions/A/Resources/libPng.dylib
0x000000001d962000 	/System/Library/Frameworks/ImageIO.framework/Versions/A/Resources/libGIF.dylib
0x000000001d962000 	/System/Library/Frameworks/ImageIO.framework/Versions/A/Resources/libJP2.dylib
0x000000001d962000 	/System/Library/Frameworks/ImageIO.framework/Versions/A/Resources/libRadiance.dylib
0x000000001d962000 	/System/Library/PrivateFrameworks/AppleJPEG.framework/Versions/A/AppleJPEG
0x000000001d962000 	/System/Library/Frameworks/OpenGL.framework/Versions/A/Libraries/libGFXShared.dylib
0x000000001d962000 	/System/Library/Frameworks/OpenGL.framework/Versions/A/Libraries/libGLU.dylib
0x000000001d962000 	/System/Library/Frameworks/OpenGL.framework/Versions/A/Libraries/libGL.dylib
0x000000001d962000 	/System/Library/Frameworks/OpenGL.framework/Versions/A/Libraries/libGLImage.dylib
0x000000001d962000 	/System/Library/Frameworks/OpenGL.framework/Versions/A/Libraries/libCVMSPluginSupport.dylib
0x000000001d962000 	/System/Library/Frameworks/OpenGL.framework/Versions/A/Libraries/libCoreVMClient.dylib
0x000000001d962000 	/usr/lib/libcups.2.dylib
0x000000001d962000 	/System/Library/Frameworks/Kerberos.framework/Versions/A/Kerberos
0x000000001d962000 	/System/Library/Frameworks/GSS.framework/Versions/A/GSS
0x000000001d962000 	/usr/lib/libresolv.9.dylib
0x000000001d962000 	/usr/lib/libiconv.2.dylib
0x000000001d962000 	/System/Library/PrivateFrameworks/Heimdal.framework/Versions/A/Heimdal
0x000000001d962000 	/usr/lib/libheimdal-asn1.dylib
0x000000001d962000 	/System/Library/Frameworks/OpenDirectory.framework/Versions/A/OpenDirectory
0x000000001d962000 	/System/Library/PrivateFrameworks/CommonAuth.framework/Versions/A/CommonAuth
0x000000001d962000 	/System/Library/Frameworks/OpenDirectory.framework/Versions/A/Frameworks/CFOpenDirectory.framework/Versions/A/CFOpenDirectory
0x000000001d962000 	/System/Library/Frameworks/SecurityFoundation.framework/Versions/A/SecurityFoundation
0x000000001d962000 	/System/Library/PrivateFrameworks/APFS.framework/Versions/A/APFS
0x000000001d962000 	/usr/lib/libutil.dylib
0x000000001d962000 	/usr/lib/libcharset.1.dylib
0x000000001d962000 	/System/Library/PrivateFrameworks/AppleSauce.framework/Versions/A/AppleSauce
0x000000001d962000 	/System/Library/PrivateFrameworks/AssertionServices.framework/Versions/A/AssertionServices
0x000000001d962000 	/System/Library/PrivateFrameworks/BaseBoard.framework/Versions/A/BaseBoard
0x000000001d962000 	/usr/lib/libmecab.1.0.0.dylib
0x000000001d962000 	/usr/lib/libgermantok.dylib
0x000000001d962000 	/usr/lib/libThaiTokenizer.dylib
0x000000001d962000 	/usr/lib/libChineseTokenizer.dylib
0x000000001d962000 	/System/Library/PrivateFrameworks/LanguageModeling.framework/Versions/A/LanguageModeling
0x000000001d962000 	/System/Library/PrivateFrameworks/CoreEmoji.framework/Versions/A/CoreEmoji
0x000000001d962000 	/System/Library/PrivateFrameworks/Lexicon.framework/Versions/A/Lexicon
0x000000001d962000 	/System/Library/PrivateFrameworks/LinguisticData.framework/Versions/A/LinguisticData
0x000000001d962000 	/usr/lib/libcmph.dylib
0x000000001d962000 	/System/Library/Frameworks/ServiceManagement.framework/Versions/A/ServiceManagement
0x000000001d962000 	/System/Library/PrivateFrameworks/BackgroundTaskManagement.framework/Versions/A/BackgroundTaskManagement
0x000000001d962000 	/usr/lib/libxslt.1.dylib
0x000000001d962000 	/System/Library/Frameworks/Carbon.framework/Versions/A/Frameworks/Ink.framework/Versions/A/Ink
0x000000001d962000 	/System/Library/PrivateFrameworks/TextureIO.framework/Versions/A/TextureIO
0x000000001d962000 	/usr/lib/libate.dylib
0x000000001d962000 	/System/Library/PrivateFrameworks/CrashReporterSupport.framework/Versions/A/CrashReporterSupport
0x000000001d962000 	/System/Library/PrivateFrameworks/Sharing.framework/Versions/A/Sharing
0x000000001d962000 	/System/Library/PrivateFrameworks/AuthKit.framework/Versions/A/AuthKit
0x000000001d962000 	/System/Library/PrivateFrameworks/Apple80211.framework/Versions/A/Apple80211
0x000000001d962000 	/System/Library/PrivateFrameworks/CoreUtils.framework/Versions/A/CoreUtils
0x000000001d962000 	/System/Library/Frameworks/CoreWLAN.framework/Versions/A/CoreWLAN
0x000000001d962000 	/System/Library/Frameworks/IOBluetooth.framework/Versions/A/IOBluetooth
0x000000001d962000 	/System/Library/PrivateFrameworks/ProtocolBuffer.framework/Versions/A/ProtocolBuffer
0x000000001d962000 	/System/Library/PrivateFrameworks/MobileKeyBag.framework/Versions/A/MobileKeyBag
0x000000001d962000 	/System/Library/PrivateFrameworks/CorePhoneNumbers.framework/Versions/A/CorePhoneNumbers
0x000000001d962000 	/System/Library/PrivateFrameworks/AppleIDAuthSupport.framework/Versions/A/AppleIDAuthSupport
0x000000001d962000 	/System/Library/PrivateFrameworks/KeychainCircle.framework/Versions/A/KeychainCircle
0x000000001d962000 	/System/Library/PrivateFrameworks/ROCKit.framework/Versions/A/ROCKit
0x000000001d962000 	/System/Library/PrivateFrameworks/CoreWiFi.framework/Versions/A/CoreWiFi
0x000000001d962000 	/System/Library/Frameworks/CoreBluetooth.framework/Versions/A/CoreBluetooth
0x000000001d962000 	/System/Library/PrivateFrameworks/DebugSymbols.framework/Versions/A/DebugSymbols
0x000000001d962000 	/System/Library/PrivateFrameworks/CoreSymbolication.framework/Versions/A/CoreSymbolication
0x000000001d962000 	/System/Library/PrivateFrameworks/Symbolication.framework/Versions/A/Symbolication
0x000000001d962000 	/System/Library/PrivateFrameworks/SpeechRecognitionCore.framework/Versions/A/SpeechRecognitionCore
0x000000010f800000 	/Library/Java/JavaVirtualMachines/jdk1.8.0_131.jdk/Contents/Home/jre/lib/server/libjvm.dylib
0x000000001d962000 	/usr/lib/libstdc++.6.dylib
0x000000010ef7d000 	/Library/Java/JavaVirtualMachines/jdk1.8.0_131.jdk/Contents/Home/jre/lib/libverify.dylib
0x000000010ef8b000 	/Library/Java/JavaVirtualMachines/jdk1.8.0_131.jdk/Contents/Home/jre/lib/libjava.dylib
0x000000010efca000 	/Library/Java/JavaVirtualMachines/jdk1.8.0_131.jdk/Contents/Home/jre/lib/libzip.dylib
0x000000001d962000 	/System/Library/Frameworks/JavaVM.framework/Versions/A/Frameworks/JavaRuntimeSupport.framework/Versions/A/JavaRuntimeSupport
0x000000001d962000 	/System/Library/Frameworks/JavaVM.framework/Versions/A/Frameworks/JavaNativeFoundation.framework/Versions/A/JavaNativeFoundation
0x000000001d962000 	/System/Library/Frameworks/JavaVM.framework/Versions/A/JavaVM
0x000000001d962000 	/System/Library/Frameworks/Carbon.framework/Versions/A/Carbon
0x000000001d962000 	/System/Library/PrivateFrameworks/JavaLaunching.framework/Versions/A/JavaLaunching
0x000000001d962000 	/System/Library/Frameworks/Carbon.framework/Versions/A/Frameworks/CommonPanels.framework/Versions/A/CommonPanels
0x000000001d962000 	/System/Library/Frameworks/Carbon.framework/Versions/A/Frameworks/Help.framework/Versions/A/Help
0x000000001d962000 	/System/Library/Frameworks/Carbon.framework/Versions/A/Frameworks/ImageCapture.framework/Versions/A/ImageCapture
0x000000001d962000 	/System/Library/Frameworks/Carbon.framework/Versions/A/Frameworks/OpenScripting.framework/Versions/A/OpenScripting
0x000000001d962000 	/System/Library/Frameworks/Carbon.framework/Versions/A/Frameworks/Print.framework/Versions/A/Print
0x000000001d962000 	/System/Library/Frameworks/Carbon.framework/Versions/A/Frameworks/SecurityHI.framework/Versions/A/SecurityHI
0x000000012c853000 	/Library/Java/JavaVirtualMachines/jdk1.8.0_131.jdk/Contents/Home/jre/lib/libprism_es2.dylib
0x000000001d962000 	/System/Library/PrivateFrameworks/CoreServicesInternal.framework/Versions/A/CoreServicesInternal
0x000000001d962000 	/System/Library/Frameworks/OpenGL.framework/Versions/A/Resources/GLEngine.bundle/GLEngine
0x000000001d962000 	/System/Library/Frameworks/OpenGL.framework/Versions/A/Libraries/libGLProgrammability.dylib
0x000000001d962000 	/System/Library/Extensions/AppleIntelHD4000GraphicsGLDriver.bundle/Contents/MacOS/AppleIntelHD4000GraphicsGLDriver
0x000000001d962000 	/System/Library/PrivateFrameworks/GPUSupport.framework/Versions/A/Libraries/libGPUSupportMercury.dylib
0x000000001d962000 	/System/Library/Frameworks/OpenGL.framework/Versions/A/Resources/GLRendererFloat.bundle/GLRendererFloat
0x000000001d962000 	/System/Library/Frameworks/OpenCL.framework/Versions/A/Libraries/libcldcpuengine.dylib
0x000000001d962000 	/usr/lib/libcrypto.35.dylib
0x000000001d962000 	/System/Library/PrivateFrameworks/TrustEvaluationAgent.framework/Versions/A/TrustEvaluationAgent
0x000000012d39f000 	/Library/Java/JavaVirtualMachines/jdk1.8.0_131.jdk/Contents/Home/jre/lib/libglass.dylib
0x000000001d962000 	/System/Library/CoreServices/RawCamera.bundle/Contents/MacOS/RawCamera
0x000000001d962000 	/System/Library/PrivateFrameworks/MobileAsset.framework/Versions/A/MobileAsset
0x000000001d962000 	/System/Library/PrivateFrameworks/StreamingZip.framework/Versions/A/StreamingZip
0x000000001d962000 	/System/Library/Frameworks/MediaToolbox.framework/Versions/A/MediaToolbox
0x000000001d962000 	/System/Library/PrivateFrameworks/CoreAVCHD.framework/Versions/A/CoreAVCHD
0x000000001d962000 	/System/Library/Frameworks/MediaAccessibility.framework/Versions/A/MediaAccessibility
0x000000001d962000 	/System/Library/PrivateFrameworks/Mangrove.framework/Versions/A/Mangrove
0x000000001d962000 	/System/Library/Frameworks/CoreMedia.framework/Versions/A/CoreMedia
0x000000001d962000 	/System/Library/Frameworks/VideoToolbox.framework/Versions/A/VideoToolbox
0x000000001d962000 	/System/Library/PrivateFrameworks/CoreAUC.framework/Versions/A/CoreAUC
0x000000001d962000 	/usr/lib/libspindump.dylib
0x000000001d962000 	/System/Library/PrivateFrameworks/AppleVA.framework/Versions/A/AppleVA
0x000000001d962000 	/System/Library/Frameworks/Accelerate.framework/Versions/A/Frameworks/vImage.framework/Versions/A/Libraries/libCGInterfaces.dylib
0x000000001d962000 	/System/Library/PrivateFrameworks/FamilyControls.framework/Versions/A/FamilyControls
0x000000001d962000 	/System/Library/PrivateFrameworks/CommerceKit.framework/Versions/A/Frameworks/CommerceCore.framework/Versions/A/CommerceCore
0x000000001d962000 	/System/Library/PrivateFrameworks/SystemAdministration.framework/Versions/A/SystemAdministration
0x000000001d962000 	/System/Library/PrivateFrameworks/AppContainer.framework/Versions/A/AppContainer
0x000000001d962000 	/System/Library/PrivateFrameworks/AppSandbox.framework/Versions/A/AppSandbox
0x000000001d962000 	/System/Library/PrivateFrameworks/SecCodeWrapper.framework/Versions/A/SecCodeWrapper
0x000000001d962000 	/usr/lib/libsandbox.1.dylib
0x000000001d962000 	/usr/lib/libMatch.1.dylib
0x000000001d962000 	/System/Library/PrivateFrameworks/DiskManagement.framework/Versions/A/DiskManagement
0x000000001d962000 	/System/Library/Frameworks/DirectoryService.framework/Versions/A/DirectoryService
0x000000001d962000 	/System/Library/PrivateFrameworks/DiskImages.framework/Versions/A/DiskImages
0x000000001d962000 	/System/Library/PrivateFrameworks/LoginUIKit.framework/Versions/A/Frameworks/LoginUICore.framework/Versions/A/LoginUICore
0x000000001d962000 	/usr/lib/libCoreStorage.dylib
0x000000001d962000 	/usr/lib/libcsfde.dylib
0x000000001d962000 	/usr/lib/libodfde.dylib
0x000000001d962000 	/System/Library/PrivateFrameworks/MediaKit.framework/Versions/A/MediaKit
0x000000001d962000 	/System/Library/Frameworks/DiscRecording.framework/Versions/A/DiscRecording
0x000000001d962000 	/System/Library/PrivateFrameworks/EFILogin.framework/Versions/A/EFILogin
0x000000001d962000 	/System/Library/PrivateFrameworks/ProtectedCloudStorage.framework/Versions/A/ProtectedCloudStorage
0x000000001d962000 	/usr/lib/libcurl.4.dylib
0x000000001d962000 	/usr/lib/libcrypto.42.dylib
0x000000001d962000 	/usr/lib/libssl.44.dylib
0x000000001d962000 	/System/Library/Frameworks/LDAP.framework/Versions/A/LDAP
0x000000001d962000 	/usr/lib/libsasl2.2.dylib
0x000000001d962000 	/System/Library/PrivateFrameworks/CoreDaemon.framework/Versions/B/CoreDaemon
0x000000001d962000 	/System/Library/PrivateFrameworks/AppleSRP.framework/Versions/A/AppleSRP
0x000000001d962000 	/System/Library/PrivateFrameworks/ViewBridge.framework/Versions/A/ViewBridge
0x000000001d962000 	/System/Library/Frameworks/ApplicationServices.framework/Versions/A/Frameworks/ATS.framework/Versions/A/Resources/libTrueTypeScaler.dylib
0x000000001d962000 	/System/Library/Extensions/AppleIntelHD4000GraphicsMTLDriver.bundle/Contents/MacOS/AppleIntelHD4000GraphicsMTLDriver
0x000000001d962000 	/System/Library/PrivateFrameworks/GPUCompiler.framework/Versions/3902/Libraries/libmetal_timestamp.dylib
0x000000012fffa000 	/Library/Java/JavaVirtualMachines/jdk1.8.0_131.jdk/Contents/Home/jre/lib/libnet.dylib
0x0000000130011000 	/Library/Java/JavaVirtualMachines/jdk1.8.0_131.jdk/Contents/Home/jre/lib/libnio.dylib
0x0000000130954000 	/Library/Java/JavaVirtualMachines/jdk1.8.0_131.jdk/Contents/Home/jre/lib/libawt.dylib
0x00000001309fc000 	/Library/Java/JavaVirtualMachines/jdk1.8.0_131.jdk/Contents/Home/jre/lib/./libmlib_image.dylib
0x0000000130ac8000 	/Library/Java/JavaVirtualMachines/jdk1.8.0_131.jdk/Contents/Home/jre/lib/libawt_lwawt.dylib
0x0000000130b7f000 	/Library/Java/JavaVirtualMachines/jdk1.8.0_131.jdk/Contents/Home/jre/lib/./libosxapp.dylib
0x000000001d962000 	/System/Library/Frameworks/ExceptionHandling.framework/Versions/A/ExceptionHandling
0x000000013122b000 	/Library/Java/JavaVirtualMachines/jdk1.8.0_131.jdk/Contents/Home/jre/lib/libfontmanager.dylib
0x000000012fc5f000 	/Library/Java/JavaVirtualMachines/jdk1.8.0_131.jdk/Contents/Home/jre/lib/libosxui.dylib
0x0000000131eb4000 	/usr/lib/libobjc-trampolines.dylib
0x00000001744c0000 	/Library/Java/JavaVirtualMachines/jdk1.8.0_131.jdk/Contents/Home/jre/lib/libjpeg.dylib
0x00000001745e8000 	/Library/Java/JavaVirtualMachines/jdk1.8.0_131.jdk/Contents/Home/jre/lib/libsunec.dylib
0x00000001759a8000 	/private/var/folders/k4/hjrrbpjs7jv6r85q6062h9sm0000gn/T/BridJExtractedLibraries5483095062196817129/libbridj.dylib
0x00000001759c5000 	/var/folders/k4/hjrrbpjs7jv6r85q6062h9sm0000gn/T/BridJExtractedLibraries5483095062196817129/libOpenIMAJGrabber.dylib
0x000000001d962000 	/System/Library/Frameworks/QTKit.framework/Versions/A/QTKit
0x000000001d962000 	/System/Library/Frameworks/AVFoundation.framework/Versions/A/AVFoundation
0x000000001d962000 	/System/Library/PrivateFrameworks/CoreMediaAuthoring.framework/Versions/A/CoreMediaAuthoring
0x000000001d962000 	/System/Library/Frameworks/CoreMediaIO.framework/Versions/A/CoreMediaIO
0x000000001d962000 	/System/Library/Frameworks/AVFoundation.framework/Versions/A/Frameworks/AVFAudio.framework/Versions/A/AVFAudio
0x000000001d962000 	/System/Library/PrivateFrameworks/InternationalSupport.framework/Versions/A/InternationalSupport
0x000000001d962000 	/System/Library/PrivateFrameworks/RemoteServiceDiscovery.framework/Versions/A/RemoteServiceDiscovery
0x000000001d962000 	/System/Library/PrivateFrameworks/RemoteXPC.framework/Versions/A/RemoteXPC
0x000000012fc6f000 	/System/Library/Extensions/AppleHDA.kext/Contents/PlugIns/AppleHDAHALPlugIn.bundle/Contents/MacOS/AppleHDAHALPlugIn
0x000000012fc79000 	/System/Library/Frameworks/CoreMediaIO.framework/Resources/VDC.plugin/Contents/MacOS/VDC
0x000000012fcdd000 	/System/Library/Frameworks/CoreMediaIO.framework/Resources/CMIOUnits.bundle/Contents/MacOS/CMIOUnits
0x000000001d962000 	/System/Library/PrivateFrameworks/FWAVC.framework/Versions/A/FWAVC
0x00000001320d5000 	/System/Library/Frameworks/CoreMediaIO.framework/Resources/BaseUnits/CMIOBaseUnits.bundle/Contents/MacOS/CMIOBaseUnits
0x000000001d962000 	/System/Library/PrivateFrameworks/AppleGVA.framework/Versions/A/AppleGVA
0x000000012fe4d000 	/Library/Java/JavaVirtualMachines/jdk1.8.0_131.jdk/Contents/Home/jre/lib/libjsound.dylib
0x000000001d962000 	/System/Library/Frameworks/CoreMIDI.framework/Versions/A/CoreMIDI
0x000000001d962000 	/usr/lib/libexpat.1.dylib
0x0000000176407000 	/System/Library/Components/CoreAudio.component/Contents/MacOS/CoreAudio

VM Arguments:
jvm_args: -Dfile.encoding=UTF-8 
java_command: ExtraLessonsMain.ExtraLessonsMain
java_class_path (initial): /Users/darrenbasserabie/NetBeansProjects/ExtraLessonsMain/jarFiles/commons-lang-2.6.jar:/Users/darrenbasserabie/NetBeansProjects/ExtraLessonsMain/jarFiles/commons-logging-1.1.1.jar:/Users/darrenbasserabie/NetBeansProjects/ExtraLessonsMain/jarFiles/hsqldb.jar:/Users/darrenbasserabie/NetBeansProjects/ExtraLessonsMain/jarFiles/jackcess-2.0.8.jar:/Users/darrenbasserabie/NetBeansProjects/ExtraLessonsMain/jarFiles/ucanaccess-2.0.9.4.jar:/Users/darrenbasserabie/Desktop/school works/IT works/plplan-0.43.jar:/Users/darrenbasserabie/Desktop/school works/IT works/JPlanner.jar:/Users/darrenbasserabie/Desktop/school works/IT works/jcalendar-1.4.jar:/Users/darrenbasserabie/Desktop/school works/IT works/joda-time-2.10.1.jar:/Users/darrenbasserabie/Desktop/school works/IT works/jlayer-1.0.1.jar:/Users/darrenbasserabie/NetBeansProjects/ExtraLessonsMain/jarFiles/new jarFiles/jfreechart-1.0.12.jar:/Users/darrenbasserabie/NetBeansProjects/ExtraLessonsMain:/Users/darrenbasserabie/NetBeansProjects/ExtraLessonsMain/jarFiles/new jarFiles/activation.jar:/Users/darrenbasserabie/NetBeansProjects/ExtraLessonsMain/jarFiles/mail.jar:/Users/darrenbasserabie/NetBeansProjects/ExtraLessonsMain/jarFiles/new jarFiles/commons-codec-1.10-javadoc.jar:/Users/darrenbasserabie/NetBeansProjects/ExtraLessonsMain/jarFiles/new jarFiles/commons-codec-1.10-sources.jar:/Users/darrenbasserabie/NetBeansProjects/ExtraLessonsMain/jarFiles/new jarFiles/commons-codec-1.10-test-sources.jar:/Users/darrenbasserabie/NetBeansProjects/ExtraLessonsMain/jarFiles/commons more/commons-exec-1.3-tests.jar:/Users/darrenbasserabie/NetBeansProjects/ExtraLessonsMain/jarFiles/commons more/commons-exec-1.3.jar:/Users/darrenbasserabie/NetBeansProjects/ExtraLessonsMain/jarFiles/new jarFiles/commons-codec-1.10-tests.jar:/Users/darrenbasserabie/NetBeansProjects/ExtraLessonsMain/jarFiles/new jarFiles/commons-codec-1.10.jar:/Users/darrenbasserabie/NetBeansProjects/ExtraLessonsMain/jarFiles/new jarFiles/jcommon-1.0.
Launcher Type: SUN_STANDARD

Environment Variables:
PATH=/usr/bin:/bin:/usr/sbin:/sbin
LD_LIBRARY_PATH=/Library/Java/JavaVirtualMachines/jdk1.8.0_131.jdk/Contents/Home/jre/lib/amd64:/Library/Java/JavaVirtualMachines/jdk1.8.0_131.jdk/Contents/Home/jre/lib/i386:
SHELL=/bin/bash

Signal Handlers:
SIGSEGV: [libjvm.dylib+0x5b1eb1], sa_mask[0]=11111111011111110111111111111111, sa_flags=SA_ONSTACK|SA_RESTART|SA_SIGINFO
SIGBUS: [libjvm.dylib+0x5b1eb1], sa_mask[0]=11111111011111110111111111111111, sa_flags=SA_RESTART|SA_SIGINFO
SIGFPE: [libjvm.dylib+0x488988], sa_mask[0]=11111111011111110111111111111111, sa_flags=SA_RESTART|SA_SIGINFO
SIGPIPE: [libjvm.dylib+0x488988], sa_mask[0]=11111111011111110111111111111111, sa_flags=SA_RESTART|SA_SIGINFO
SIGXFSZ: [libjvm.dylib+0x488988], sa_mask[0]=11111111011111110111111111111111, sa_flags=SA_RESTART|SA_SIGINFO
SIGILL: [libjvm.dylib+0x488988], sa_mask[0]=11111111011111110111111111111111, sa_flags=SA_RESTART|SA_SIGINFO
SIGUSR1: SIG_DFL, sa_mask[0]=00000000000000000000000000000000, sa_flags=none
SIGUSR2: [libjvm.dylib+0x4884a6], sa_mask[0]=00100000000000000000000000000000, sa_flags=SA_RESTART|SA_SIGINFO
SIGHUP: [libjvm.dylib+0x486a7d], sa_mask[0]=11111111011111110111111111111111, sa_flags=SA_RESTART|SA_SIGINFO
SIGINT: SIG_IGN, sa_mask[0]=00000000000000000000000000000000, sa_flags=none
SIGTERM: [libjvm.dylib+0x486a7d], sa_mask[0]=11111111011111110111111111111111, sa_flags=SA_RESTART|SA_SIGINFO
SIGQUIT: [libjvm.dylib+0x486a7d], sa_mask[0]=11111111011111110111111111111111, sa_flags=SA_RESTART|SA_SIGINFO


---------------  S Y S T E M  ---------------

OS:Bsduname:Darwin 18.0.0 Darwin Kernel Version 18.0.0: Wed Aug 22 20:13:40 PDT 2018; root:xnu-4903.201.2~1/RELEASE_X86_64 x86_64
rlimit: STACK 8192k, CORE 0k, NPROC 1418, NOFILE 10240, AS infinity
load average:2.41 2.19 2.18

CPU:total 4 (initial active 4) (2 cores per cpu, 2 threads per core) family 6 model 58 stepping 9, cmov, cx8, fxsr, mmx, sse, sse2, sse3, ssse3, sse4.1, sse4.2, popcnt, avx, aes, clmul, erms, ht, tsc, tscinvbit, tscinv

Memory: 4k page, physical 16777216k(2828068k free)

/proc/meminfo:


vm_info: Java HotSpot(TM) 64-Bit Server VM (25.131-b11) for bsd-amd64 JRE (1.8.0_131-b11), built on Mar 15 2017 01:32:22 by "java_re" with gcc 4.2.1 (Based on Apple Inc. build 5658) (LLVM build 2336.11.00)

time: Mon Jun 24 18:31:58 2019
elapsed time: 30 seconds (0d 0h 0m 30s)

